----------------------------------------------------------------------------------
      name:  <unnamed>
       log:  /Users/macbook/Desktop/18-19 Thesis/Data Processing/GAP/GAPCentralAdm
> .log
  log type:  text
 opened on:  17 Oct 2018, 15:16:52

. 
. version 15

. 
. use allGap_v3.dta, clear

. keep code base bonus total hire reports title reportsto fileName

. 
. gsort -fileName 

. 
end of do-file

. do "/var/folders/sy/4d9t8khs1jn_xflrv2wvq20c0000gn/T//SD00297.000000"

. keep in 36/41
(35 observations deleted)

. 
. gen payGap = total - total[_n-1]
(1 missing value generated)

. 
end of do-file

. do "/var/folders/sy/4d9t8khs1jn_xflrv2wvq20c0000gn/T//SD00297.000000"

. outsheet code base bonus total hire reports title reportsto fileName payGap usin
> g GAPCentralAdm.csv, comma

. 
end of do-file

. use "/Users/macbook/Desktop/18-19 Thesis/Data Processing/GAP/Superseded/allGap.d
> ta", clear

. use "/Users/macbook/Desktop/18-19 Thesis/Data Processing/GAP/allGap_v3.dta"

. use "/Users/macbook/Desktop/18-19 Thesis/Data Processing/GAP/GAPBuying.dta"

. use "/Users/macbook/Desktop/18-19 Thesis/Data Processing/GAP/allGap_v3.dta"

. do "/var/folders/sy/4d9t8khs1jn_xflrv2wvq20c0000gn/T//SD00297.000000"

. use allGap_v3.dta, clear

. keep code base bonus total hire reports title reportsto fileName

. 
. gsort -fileName 

. 
. gen payGap = total - total[_n-1]
(5 missing values generated)

. 
. save allGap_v3.dta, replace
file allGap_v3.dta saved

. 
end of do-file

. use "/Users/macbook/Desktop/18-19 Thesis/Data Processing/GAP/Superseded/allGap_v
> 2.dta"

. do "/var/folders/sy/4d9t8khs1jn_xflrv2wvq20c0000gn/T//SD00297.000000"

. cd "/Users/macbook/Desktop/18-19 Thesis/Data Processing/GAP/Superseded"
/Users/macbook/Desktop/18-19 Thesis/Data Processing/GAP/Superseded

. 
. capture log close
