----------------------------------------------------------------------------------
      name:  <unnamed>
       log:  /Users/macbook/Desktop/18-19 Thesis/Data Processing/1996/LAU/LAU.log
  log type:  text
 opened on:   4 Feb 2019, 19:21:18

. 
. version 15

. 
. local pathName "/Users/macbook/Desktop/18-19 Thesis/fromBefore/theData/1996/"

. 
. // use the grep command to get the list of files that contains LAU
. // $ grep -l 'LAU' *.txt
. local fileList "01 CEO.txt" ///
>         "02 General Counsel.txt" ///
>         "03 Top Real Estate.txt" ///
>         "05 Top Store Plan_Construct.txt" ///
>         "06 Regional Store Construct.txt" ///
>         "07 CFO.txt" ///
>         "08 Controller.txt" ///
>         "21 Product Coordinator.txt" ///
>         "23 Art Department.txt" ///
>         "25 Regional Visual.txt" ///
>         "28 Computer Operations.txt" ///
>         "29 Point Of Sale Admin.txt" ///
>         "31 Comp_Benefits Mgr.txt" ///
>         "32 Top Loss Prevention.txt" ///
>         "34 Top DC _ Logistics.txt" ///
>         "37 Top Store Operations.txt" ///
>         "40 District Manager.txt" ///
>         "42 Store Manager.txt" ///
>         "43 Assistant Store Manager.txt" ///
>         "44 Third Key.txt" ///
>         "45 Full Time.txt" ///
>         "46 Part Time.txt" 

. 
. 
. drop _all 

. 
. // create the big data file
. save LAU.dta, replace emptyok
(note: dataset contains 0 observations)
file LAU.dta saved

. 
. // for each data file, keep the row that has LAU information and append to the b
> ig data file
. foreach fileName in "`fileList'" {
  2. import delimited using "`pathName'`fileName'",  clear // names
  3. keep if code == "LAU"
  4. gen fileName = "`fileName'"
  5. if fileName == "44 Third Key.txt" {
  6.         drop comments
  7.         }
  8. append using LAU.dta
  9. save LAU.dta, replace 
 10. }
(10 vars, 66 obs)
(65 observations deleted)
file LAU.dta saved
(8 vars, 27 obs)
(26 observations deleted)
(note: variable reports was byte, now long to accommodate using data's values)
(note: variable percent was byte, now float to accommodate using data's values)
file LAU.dta saved
(9 vars, 38 obs)
(37 observations deleted)
(note: variable reports was int, now long to accommodate using data's values)
(note: variable reportsto was str21, now str24 to accommodate using data's
       values)
file LAU.dta saved
(23 vars, 46 obs)
(45 observations deleted)
(note: variable reports was byte, now long to accommodate using data's values)
file LAU.dta saved
(7 vars, 28 obs)
(27 observations deleted)
(note: variable title was str30, now str39 to accommodate using data's values)
(note: variable bonus was int, now long to accommodate using data's values)
file LAU.dta saved
(8 vars, 47 obs)
(46 observations deleted)
(note: variable title was str28, now str39 to accommodate using data's values)
(note: variable fileName was str10, now str31 to accommodate using data's
       values)
(note: variable reports was int, now long to accommodate using data's values)
file LAU.dta saved
(7 vars, 42 obs)
(41 observations deleted)
(note: variable title was str28, now str39 to accommodate using data's values)
(note: variable reports was int, now long to accommodate using data's values)
(note: variable fileName was str17, now str31 to accommodate using data's
       values)
file LAU.dta saved
(7 vars, 16 obs)
(15 observations deleted)
(note: variable title was str21, now str39 to accommodate using data's values)
(note: variable bonus was int, now long to accommodate using data's values)
(note: variable fileName was str26, now str31 to accommodate using data's
       values)
file LAU.dta saved
(8 vars, 23 obs)
(22 observations deleted)
(note: variable title was str25, now str39 to accommodate using data's values)
(note: variable bonus was int, now long to accommodate using data's values)
(note: variable fileName was str21, now str31 to accommodate using data's
       values)
(note: variable reports was byte, now long to accommodate using data's values)
file LAU.dta saved
(76 vars, 15 obs)
(14 observations deleted)
(note: variable title was str33, now str39 to accommodate using data's values)
(note: variable bonus was int, now long to accommodate using data's values)
(note: variable fileName was str22, now str31 to accommodate using data's
       values)
(note: variable sfbonus was byte, now int to accommodate using data's values)
file LAU.dta saved
(8 vars, 37 obs)
(36 observations deleted)
(note: variable title was str36, now str39 to accommodate using data's values)
(note: variable fileName was str26, now str31 to accommodate using data's
       values)
(note: variable reports was int, now long to accommodate using data's values)
file LAU.dta saved
(7 vars, 33 obs)
(32 observations deleted)
(note: variable title was str31, now str39 to accommodate using data's values)
(note: variable reports was byte, now long to accommodate using data's values)
(note: variable bonus was int, now long to accommodate using data's values)
(note: variable fileName was str26, now str31 to accommodate using data's
       values)
file LAU.dta saved
(17 vars, 39 obs)
(38 observations deleted)
(note: variable reports was byte, now long to accommodate using data's values)
(note: variable bonus was int, now long to accommodate using data's values)
(note: variable fileName was str24, now str31 to accommodate using data's
       values)
file LAU.dta saved
(9 vars, 41 obs)
(40 observations deleted)
(note: variable reports was byte, now long to accommodate using data's values)
(note: variable fileName was str26, now str31 to accommodate using data's
       values)
(note: variable title was str27, now str39 to accommodate using data's values)
file LAU.dta saved
(10 vars, 42 obs)
(41 observations deleted)
(note: variable title was str30, now str39 to accommodate using data's values)
(note: variable reportsto was str24, now str42 to accommodate using data's
       values)
(note: variable reports was int, now long to accommodate using data's values)
(note: variable fileName was str25, now str31 to accommodate using data's
       values)
file LAU.dta saved
(10 vars, 52 obs)
(51 observations deleted)
(note: variable reportsto was str35, now str42 to accommodate using data's
       values)
(note: variable reports was int, now long to accommodate using data's values)
(note: variable fileName was str27, now str31 to accommodate using data's
       values)
file LAU.dta saved
(108 vars, 58 obs)
(57 observations deleted)
(note: variable title was str14, now str40 to accommodate using data's values)
(note: variable bonus was int, now long to accommodate using data's values)
(note: variable fileName was str23, now str31 to accommodate using data's
       values)
file LAU.dta saved
(107 vars, 59 obs)
(58 observations deleted)
(note: variable v9 was int, now long to accommodate using data's values)
(note: variable v12 was float, now double to accommodate using data's values)
(note: variable v13 was int, now long to accommodate using data's values)
(note: variable v14 was long, now double to accommodate using data's values)
(note: variable v16 was float, now double to accommodate using data's values)
(note: variable v17 was int, now long to accommodate using data's values)
(note: variable v18 was long, now double to accommodate using data's values)
(note: variable v20 was float, now double to accommodate using data's values)
(note: variable v21 was int, now long to accommodate using data's values)
(note: variable v22 was long, now double to accommodate using data's values)
(note: variable v24 was byte, now long to accommodate using data's values)
(note: variable v25 was int, now long to accommodate using data's values)
(note: variable v29 was int, now long to accommodate using data's values)
(note: variable v30 was long, now double to accommodate using data's values)
(note: variable v32 was byte, now long to accommodate using data's values)
(note: variable v33 was int, now long to accommodate using data's values)
(note: variable bonus was int, now long to accommodate using data's values)
(note: variable phhire was int, now float to accommodate using data's values)
(note: variable mihire was int, now long to accommodate using data's values)
(note: variable mehire was int, now long to accommodate using data's values)
(note: variable prhire was int, now long to accommodate using data's values)
(note: variable fileName was str20, now str31 to accommodate using data's
       values)
(note: variable reports was int, now long to accommodate using data's values)
file LAU.dta saved
(107 vars, 59 obs)
(58 observations deleted)
(note: variable low was int, now long to accommodate using data's values)
(note: variable v8 was int, now float to accommodate using data's values)
(note: variable v9 was int, now long to accommodate using data's values)
(note: variable v10 was int, now long to accommodate using data's values)
(note: variable v11 was int, now long to accommodate using data's values)
(note: variable v12 was int, now double to accommodate using data's values)
(note: variable v13 was int, now long to accommodate using data's values)
(note: variable v14 was int, now double to accommodate using data's values)
(note: variable v15 was int, now long to accommodate using data's values)
(note: variable v16 was int, now double to accommodate using data's values)
(note: variable v17 was int, now long to accommodate using data's values)
(note: variable v18 was int, now double to accommodate using data's values)
(note: variable v19 was int, now long to accommodate using data's values)
(note: variable v20 was long, now double to accommodate using data's values)
(note: variable v21 was int, now long to accommodate using data's values)
(note: variable v22 was long, now double to accommodate using data's values)
(note: variable v23 was int, now long to accommodate using data's values)
(note: variable v25 was int, now long to accommodate using data's values)
(note: variable v27 was int, now long to accommodate using data's values)
(note: variable v29 was int, now long to accommodate using data's values)
(note: variable v30 was long, now double to accommodate using data's values)
(note: variable v31 was int, now long to accommodate using data's values)
(note: variable v33 was int, now long to accommodate using data's values)
(note: variable bonus was int, now long to accommodate using data's values)
(note: variable bobase was int, now long to accommodate using data's values)
(note: variable bocomp was int, now long to accommodate using data's values)
(note: variable bohire was int, now long to accommodate using data's values)
(note: variable mabonus was int, now long to accommodate using data's values)
(note: variable libase was int, now long to accommodate using data's values)
(note: variable licomp was int, now long to accommodate using data's values)
(note: variable lihire was int, now long to accommodate using data's values)
(note: variable njbase was int, now long to accommodate using data's values)
(note: variable njcomp was int, now long to accommodate using data's values)
(note: variable njhire was int, now long to accommodate using data's values)
(note: variable wpbase was int, now long to accommodate using data's values)
(note: variable wpcomp was int, now long to accommodate using data's values)
(note: variable wphire was int, now long to accommodate using data's values)
(note: variable phbase was int, now long to accommodate using data's values)
(note: variable phcomp was int, now long to accommodate using data's values)
(note: variable phhire was int, now float to accommodate using data's values)
(note: variable wabase was int, now long to accommodate using data's values)
(note: variable wacomp was int, now long to accommodate using data's values)
(note: variable wahire was int, now long to accommodate using data's values)
(note: variable athire was int, now long to accommodate using data's values)
(note: variable mibase was int, now long to accommodate using data's values)
(note: variable micomp was int, now long to accommodate using data's values)
(note: variable mihire was int, now long to accommodate using data's values)
(note: variable mebase was int, now long to accommodate using data's values)
(note: variable mecomp was int, now long to accommodate using data's values)
(note: variable mehire was int, now long to accommodate using data's values)
(note: variable chbase was int, now long to accommodate using data's values)
(note: variable chcomp was int, now long to accommodate using data's values)
(note: variable chhire was int, now long to accommodate using data's values)
(note: variable labase was int, now long to accommodate using data's values)
(note: variable lacomp was int, now long to accommodate using data's values)
(note: variable lahire was int, now long to accommodate using data's values)
(note: variable sfhire was int, now long to accommodate using data's values)
(note: variable sebase was int, now long to accommodate using data's values)
(note: variable secomp was int, now long to accommodate using data's values)
(note: variable sehire was int, now long to accommodate using data's values)
(note: variable alhire was int, now long to accommodate using data's values)
(note: variable hihire was int, now long to accommodate using data's values)
(note: variable prbase was int, now long to accommodate using data's values)
(note: variable prcomp was int, now long to accommodate using data's values)
(note: variable prhire was int, now long to accommodate using data's values)
(note: variable fileName was str30, now str31 to accommodate using data's
       values)
(note: variable hire was int, now long to accommodate using data's values)
file LAU.dta saved
(108 vars, 35 obs)
(34 observations deleted)
(note: variable low was float, now double to accommodate using data's values)
(note: variable high was float, now double to accommodate using data's values)
(note: variable v9 was float, now double to accommodate using data's values)
(note: variable v10 was float, now double to accommodate using data's values)
(note: variable v11 was float, now double to accommodate using data's values)
(note: variable v12 was float, now double to accommodate using data's values)
(note: variable v13 was float, now double to accommodate using data's values)
(note: variable v14 was float, now double to accommodate using data's values)
(note: variable v15 was float, now double to accommodate using data's values)
(note: variable v16 was float, now double to accommodate using data's values)
(note: variable v17 was float, now double to accommodate using data's values)
(note: variable v18 was float, now double to accommodate using data's values)
(note: variable v19 was float, now double to accommodate using data's values)
(note: variable v20 was float, now double to accommodate using data's values)
(note: variable v21 was float, now double to accommodate using data's values)
(note: variable v22 was float, now double to accommodate using data's values)
(note: variable v23 was float, now double to accommodate using data's values)
(note: variable v24 was float, now double to accommodate using data's values)
(note: variable v25 was float, now double to accommodate using data's values)
(note: variable v26 was float, now double to accommodate using data's values)
(note: variable v27 was float, now double to accommodate using data's values)
(note: variable v28 was float, now double to accommodate using data's values)
(note: variable v29 was float, now double to accommodate using data's values)
(note: variable v30 was float, now double to accommodate using data's values)
(note: variable v31 was float, now double to accommodate using data's values)
(note: variable v32 was float, now double to accommodate using data's values)
(note: variable v33 was byte, now long to accommodate using data's values)
(note: variable v34 was float, now double to accommodate using data's values)
(note: variable base was float, now double to accommodate using data's values)
(note: variable bonus was float, now double to accommodate using data's values)
(note: variable total was float, now double to accommodate using data's values)
(note: variable hire was float, now double to accommodate using data's values)
(note: variable bobase was float, now double to accommodate using data's values)
(note: variable bocomp was float, now double to accommodate using data's values)
(note: variable bohire was float, now double to accommodate using data's values)
(note: variable mabase was float, now double to accommodate using data's values)
(note: variable mabonus was float, now double to accommodate using data's
       values)
(note: variable macomp was float, now double to accommodate using data's values)
(note: variable mahire was float, now double to accommodate using data's values)
(note: variable libase was float, now double to accommodate using data's values)
(note: variable licomp was float, now double to accommodate using data's values)
(note: variable lihire was float, now double to accommodate using data's values)
(note: variable njbase was float, now double to accommodate using data's values)
(note: variable njcomp was float, now double to accommodate using data's values)
(note: variable njhire was float, now double to accommodate using data's values)
(note: variable wpbase was float, now double to accommodate using data's values)
(note: variable wpcomp was float, now double to accommodate using data's values)
(note: variable wphire was float, now double to accommodate using data's values)
(note: variable phbase was float, now double to accommodate using data's values)
(note: variable phcomp was float, now double to accommodate using data's values)
(note: variable wabase was float, now double to accommodate using data's values)
(note: variable wacomp was float, now double to accommodate using data's values)
(note: variable wahire was float, now double to accommodate using data's values)
(note: variable atbase was float, now double to accommodate using data's values)
(note: variable atcomp was float, now double to accommodate using data's values)
(note: variable athire was float, now double to accommodate using data's values)
(note: variable mibase was float, now double to accommodate using data's values)
(note: variable micomp was float, now double to accommodate using data's values)
(note: variable mihire was float, now double to accommodate using data's values)
(note: variable mebase was float, now double to accommodate using data's values)
(note: variable mecomp was float, now double to accommodate using data's values)
(note: variable mehire was float, now double to accommodate using data's values)
(note: variable chbase was float, now double to accommodate using data's values)
(note: variable chcomp was float, now double to accommodate using data's values)
(note: variable chhire was float, now double to accommodate using data's values)
(note: variable labase was float, now double to accommodate using data's values)
(note: variable lacomp was float, now double to accommodate using data's values)
(note: variable lahire was float, now double to accommodate using data's values)
(note: variable sfbase was float, now double to accommodate using data's values)
(note: variable sfcomp was float, now double to accommodate using data's values)
(note: variable sfhire was float, now double to accommodate using data's values)
(note: variable sebase was float, now double to accommodate using data's values)
(note: variable secomp was float, now double to accommodate using data's values)
(note: variable sehire was float, now double to accommodate using data's values)
(note: variable albase was float, now double to accommodate using data's values)
(note: variable alcomp was float, now double to accommodate using data's values)
(note: variable alhire was float, now double to accommodate using data's values)
(note: variable hibase was float, now double to accommodate using data's values)
(note: variable hicomp was float, now double to accommodate using data's values)
(note: variable hihire was float, now double to accommodate using data's values)
(note: variable prbase was float, now double to accommodate using data's values)
(note: variable prcomp was float, now double to accommodate using data's values)
(note: variable prhire was float, now double to accommodate using data's values)
(note: variable fileName was str16, now str31 to accommodate using data's
       values)
(note: variable title was str25, now str40 to accommodate using data's values)
file LAU.dta saved
(76 vars, 58 obs)
(57 observations deleted)
(note: variable base was float, now double to accommodate using data's values)
(note: variable bonus was float, now double to accommodate using data's values)
(note: variable total was float, now double to accommodate using data's values)
(note: variable hire was float, now double to accommodate using data's values)
(note: variable bobase was float, now double to accommodate using data's values)
(note: variable bocomp was float, now double to accommodate using data's values)
(note: variable bohire was float, now double to accommodate using data's values)
(note: variable mabase was float, now double to accommodate using data's values)
(note: variable mabonus was float, now double to accommodate using data's
       values)
(note: variable macomp was float, now double to accommodate using data's values)
(note: variable mahire was float, now double to accommodate using data's values)
(note: variable libase was float, now double to accommodate using data's values)
(note: variable licomp was float, now double to accommodate using data's values)
(note: variable lihire was float, now double to accommodate using data's values)
(note: variable njbase was float, now double to accommodate using data's values)
(note: variable njcomp was float, now double to accommodate using data's values)
(note: variable njhire was float, now double to accommodate using data's values)
(note: variable wpbase was float, now double to accommodate using data's values)
(note: variable wpcomp was float, now double to accommodate using data's values)
(note: variable wphire was float, now double to accommodate using data's values)
(note: variable phbase was float, now double to accommodate using data's values)
(note: variable phcomp was float, now double to accommodate using data's values)
(note: variable wabase was float, now double to accommodate using data's values)
(note: variable wacomp was float, now double to accommodate using data's values)
(note: variable wahire was float, now double to accommodate using data's values)
(note: variable atbase was float, now double to accommodate using data's values)
(note: variable atcomp was float, now double to accommodate using data's values)
(note: variable athire was float, now double to accommodate using data's values)
(note: variable mibase was float, now double to accommodate using data's values)
(note: variable micomp was float, now double to accommodate using data's values)
(note: variable mihire was float, now double to accommodate using data's values)
(note: variable mebase was float, now double to accommodate using data's values)
(note: variable mecomp was float, now double to accommodate using data's values)
(note: variable mehire was float, now double to accommodate using data's values)
(note: variable chbase was float, now double to accommodate using data's values)
(note: variable chcomp was float, now double to accommodate using data's values)
(note: variable chhire was float, now double to accommodate using data's values)
(note: variable labase was float, now double to accommodate using data's values)
(note: variable lacomp was float, now double to accommodate using data's values)
(note: variable lahire was float, now double to accommodate using data's values)
(note: variable sfbase was float, now double to accommodate using data's values)
(note: variable sfcomp was float, now double to accommodate using data's values)
(note: variable sfhire was float, now double to accommodate using data's values)
(note: variable sebase was float, now double to accommodate using data's values)
(note: variable secomp was float, now double to accommodate using data's values)
(note: variable sehire was float, now double to accommodate using data's values)
(note: variable albase was float, now double to accommodate using data's values)
(note: variable alcomp was float, now double to accommodate using data's values)
(note: variable alhire was float, now double to accommodate using data's values)
(note: variable hibase was float, now double to accommodate using data's values)
(note: variable hicomp was float, now double to accommodate using data's values)
(note: variable hihire was float, now double to accommodate using data's values)
(note: variable prbase was float, now double to accommodate using data's values)
(note: variable prcomp was float, now double to accommodate using data's values)
(note: variable prhire was float, now double to accommodate using data's values)
(note: variable fileName was str16, now str31 to accommodate using data's
       values)
file LAU.dta saved
(78 vars, 60 obs)
(59 observations deleted)
(note: variable base was float, now double to accommodate using data's values)
(note: variable bonus was float, now double to accommodate using data's values)
(note: variable total was float, now double to accommodate using data's values)
(note: variable hire was float, now double to accommodate using data's values)
(note: variable bobase was float, now double to accommodate using data's values)
(note: variable bocomp was float, now double to accommodate using data's values)
(note: variable bohire was float, now double to accommodate using data's values)
(note: variable mabase was float, now double to accommodate using data's values)
(note: variable mabonus was float, now double to accommodate using data's
       values)
(note: variable macomp was float, now double to accommodate using data's values)
(note: variable mahire was float, now double to accommodate using data's values)
(note: variable libase was float, now double to accommodate using data's values)
(note: variable licomp was float, now double to accommodate using data's values)
(note: variable lihire was float, now double to accommodate using data's values)
(note: variable njbase was float, now double to accommodate using data's values)
(note: variable njcomp was float, now double to accommodate using data's values)
(note: variable njhire was float, now double to accommodate using data's values)
(note: variable wpbase was float, now double to accommodate using data's values)
(note: variable wpcomp was float, now double to accommodate using data's values)
(note: variable wphire was float, now double to accommodate using data's values)
(note: variable phbase was float, now double to accommodate using data's values)
(note: variable phcomp was float, now double to accommodate using data's values)
(note: variable wabase was float, now double to accommodate using data's values)
(note: variable wacomp was float, now double to accommodate using data's values)
(note: variable wahire was float, now double to accommodate using data's values)
(note: variable atbase was float, now double to accommodate using data's values)
(note: variable atcomp was float, now double to accommodate using data's values)
(note: variable athire was float, now double to accommodate using data's values)
(note: variable mibase was float, now double to accommodate using data's values)
(note: variable micomp was float, now double to accommodate using data's values)
(note: variable mihire was float, now double to accommodate using data's values)
(note: variable mebase was float, now double to accommodate using data's values)
(note: variable mecomp was float, now double to accommodate using data's values)
(note: variable mehire was float, now double to accommodate using data's values)
(note: variable chbase was float, now double to accommodate using data's values)
(note: variable chcomp was float, now double to accommodate using data's values)
(note: variable chhire was float, now double to accommodate using data's values)
(note: variable labase was float, now double to accommodate using data's values)
(note: variable lacomp was float, now double to accommodate using data's values)
(note: variable lahire was float, now double to accommodate using data's values)
(note: variable sfbase was float, now double to accommodate using data's values)
(note: variable sfcomp was float, now double to accommodate using data's values)
(note: variable sfhire was float, now double to accommodate using data's values)
(note: variable sebase was float, now double to accommodate using data's values)
(note: variable secomp was float, now double to accommodate using data's values)
(note: variable sehire was float, now double to accommodate using data's values)
(note: variable albase was float, now double to accommodate using data's values)
(note: variable alcomp was float, now double to accommodate using data's values)
(note: variable alhire was float, now double to accommodate using data's values)
(note: variable hibase was float, now double to accommodate using data's values)
(note: variable hicomp was float, now double to accommodate using data's values)
(note: variable hihire was float, now double to accommodate using data's values)
(note: variable prbase was float, now double to accommodate using data's values)
(note: variable prcomp was float, now double to accommodate using data's values)
(note: variable prhire was float, now double to accommodate using data's values)
(note: variable fileName was str16, now str31 to accommodate using data's
       values)
(note: variable comments was str9, now str30 to accommodate using data's values)
file LAU.dta saved

. 
. // load the file after appending all rows
. use LAU.dta, clear

. 
. // keep certain columns
. keep code base bonus total hire reports title reportsto fileName

. 
. // sort descending by file name 
. gsort -fileName 

. 
. // generate the pay gap between each position
. //gen payGap = total - total[_n-1]
. 
. save LAU.dta, replace
file LAU.dta saved

. 
. //outsheet code base bonus total hire reports title reportsto fileName payGap us
> ing LAU.csv, comma
. 
. exit

end of do-file


. do "/var/folders/sy/4d9t8khs1jn_xflrv2wvq20c0000gn/T//SD14206.000000"

. cd "/Users/macbook/Desktop/18-19 Thesis/Data Processing/1996/LEC"
/Users/macbook/Desktop/18-19 Thesis/Data Processing/1996/LEC

. 
. capture log close
