----------------------------------------------------------------------------------
      name:  <unnamed>
       log:  /Users/macbook/Desktop/18-19 Thesis/Data Processing/1996/EDI/EDI.log
  log type:  text
 opened on:   2 Feb 2019, 17:51:21

. 
. version 15

. 
. local pathName "/Users/macbook/Desktop/18-19 Thesis/fromBefore/theData/1996/"

. 
. // use the grep command to get the list of files that contains EDI
. // $ grep -l 'EDI' *.txt
. local fileList "01 CEO.txt" ///
>         "02 General Counsel.txt" ///
>         "03 Top Real Estate.txt" ///
>         "04 Regional Real Estate.txt" ///
>         "05 Top Store Plan_Construct.txt" ///
>         "07 CFO.txt" ///
>         "08 Controller.txt" ///
>         "26 Top Systems_Data Procg.txt" ///
>         "30 Top Human Resources.txt" ///
>         "31 Comp_Benefits Mgr.txt" ///
>         "32 Top Loss Prevention.txt" ///
>         "33 Regional Loss Prevention.txt" ///
>         "34 Top DC _ Logistics.txt" ///
>         "35 DC Manager.txt" ///
>         "36 Domestic Traffic.txt" 

. 
. drop _all 

. 
. // create the big data file
. save EDI.dta, replace emptyok
(note: dataset contains 0 observations)
file EDI.dta saved

. 
. // for each data file, keep the row that has EDI information and append to the b
> ig data file
. foreach fileName in "`fileList'" {
  2. import delimited using "`pathName'`fileName'",  clear // names
  3. keep if code == "EDI"
  4. gen fileName = "`fileName'"
  5. append using EDI.dta
  6. save EDI.dta, replace 
  7. }
(10 vars, 66 obs)
(65 observations deleted)
file EDI.dta saved
(8 vars, 27 obs)
(26 observations deleted)
(note: variable reports was byte, now long to accommodate using data's values)
(note: variable percent was byte, now float to accommodate using data's values)
file EDI.dta saved
(9 vars, 38 obs)
(37 observations deleted)
(note: variable reports was int, now long to accommodate using data's values)
(note: variable reportsto was str21, now str24 to accommodate using data's
       values)
file EDI.dta saved
(7 vars, 23 obs)
(22 observations deleted)
(note: variable title was str28, now str29 to accommodate using data's values)
(note: variable percent was byte, now float to accommodate using data's values)
(note: variable bonus was int, now long to accommodate using data's values)
file EDI.dta saved
(23 vars, 46 obs)
(45 observations deleted)
(note: variable reports was byte, now long to accommodate using data's values)
file EDI.dta saved
(8 vars, 47 obs)
(46 observations deleted)
(note: variable title was str28, now str39 to accommodate using data's values)
(note: variable reports was int, now long to accommodate using data's values)
(note: variable fileName was str10, now str31 to accommodate using data's
       values)
file EDI.dta saved
(7 vars, 42 obs)
(41 observations deleted)
(note: variable title was str28, now str39 to accommodate using data's values)
(note: variable reports was int, now long to accommodate using data's values)
(note: variable fileName was str17, now str31 to accommodate using data's
       values)
file EDI.dta saved
(8 vars, 41 obs)
(40 observations deleted)
(note: variable title was str27, now str39 to accommodate using data's values)
(note: variable reports was int, now long to accommodate using data's values)
(note: variable fileName was str29, now str31 to accommodate using data's
       values)
file EDI.dta saved
(9 vars, 47 obs)
(46 observations deleted)
(note: variable title was str24, now str39 to accommodate using data's values)
(note: variable reportsto was str25, now str30 to accommodate using data's
       values)
(note: variable reports was float, now double to accommodate using data's
       values)
(note: variable fileName was str26, now str31 to accommodate using data's
       values)
file EDI.dta saved
(17 vars, 39 obs)
(38 observations deleted)
(note: variable reports was byte, now double to accommodate using data's values)
(note: variable bonus was int, now long to accommodate using data's values)
(note: variable fileName was str24, now str31 to accommodate using data's
       values)
file EDI.dta saved
(9 vars, 41 obs)
(40 observations deleted)
(note: variable reports was byte, now double to accommodate using data's values)
(note: variable fileName was str26, now str31 to accommodate using data's
       values)
(note: variable title was str27, now str39 to accommodate using data's values)
file EDI.dta saved
(76 vars, 26 obs)
(25 observations deleted)
(note: variable title was str22, now str39 to accommodate using data's values)
(note: variable bonus was int, now long to accommodate using data's values)
file EDI.dta saved
(10 vars, 42 obs)
(41 observations deleted)
(note: variable title was str30, now str39 to accommodate using data's values)
(note: variable fileName was str25, now str31 to accommodate using data's
       values)
(note: variable reportsto was str24, now str42 to accommodate using data's
       values)
(note: variable reports was int, now double to accommodate using data's values)
file EDI.dta saved
(75 vars, 23 obs)
(22 observations deleted)
(note: variable reports was int, now double to accommodate using data's values)
(note: variable fileName was str17, now str31 to accommodate using data's
       values)
(note: variable bobonus was byte, now int to accommodate using data's values)
(note: variable mabase was byte, now long to accommodate using data's values)
(note: variable mabonus was byte, now int to accommodate using data's values)
(note: variable macomp was byte, now long to accommodate using data's values)
(note: variable mahire was byte, now long to accommodate using data's values)
(note: variable libase was byte, now long to accommodate using data's values)
(note: variable libonus was byte, now int to accommodate using data's values)
(note: variable licomp was byte, now long to accommodate using data's values)
(note: variable lihire was byte, now long to accommodate using data's values)
(note: variable wpbase was byte, now long to accommodate using data's values)
(note: variable wpbonus was byte, now int to accommodate using data's values)
(note: variable wpcomp was byte, now long to accommodate using data's values)
(note: variable wphire was byte, now long to accommodate using data's values)
(note: variable wabase was byte, now long to accommodate using data's values)
(note: variable wabonus was byte, now int to accommodate using data's values)
(note: variable wacomp was byte, now long to accommodate using data's values)
(note: variable wahire was byte, now long to accommodate using data's values)
(note: variable mibonus was byte, now int to accommodate using data's values)
(note: variable mihire was byte, now long to accommodate using data's values)
(note: variable mebase was byte, now long to accommodate using data's values)
(note: variable mebonus was byte, now int to accommodate using data's values)
(note: variable mecomp was byte, now long to accommodate using data's values)
(note: variable mehire was byte, now long to accommodate using data's values)
(note: variable chbonus was byte, now int to accommodate using data's values)
(note: variable chhire was byte, now long to accommodate using data's values)
(note: variable sfbase was byte, now long to accommodate using data's values)
(note: variable sfbonus was byte, now int to accommodate using data's values)
(note: variable sfcomp was byte, now long to accommodate using data's values)
(note: variable sfhire was byte, now long to accommodate using data's values)
(note: variable sebase was byte, now long to accommodate using data's values)
(note: variable secomp was byte, now long to accommodate using data's values)
(note: variable sehire was byte, now long to accommodate using data's values)
(note: variable hibase was byte, now long to accommodate using data's values)
(note: variable hibonus was byte, now int to accommodate using data's values)
(note: variable hicomp was byte, now long to accommodate using data's values)
(note: variable prbase was byte, now long to accommodate using data's values)
(note: variable prbonus was byte, now int to accommodate using data's values)
(note: variable prcomp was byte, now long to accommodate using data's values)
file EDI.dta saved
(78 vars, 31 obs)
(30 observations deleted)
(note: variable reports was byte, now double to accommodate using data's values)
(note: variable bonus was int, now long to accommodate using data's values)
(note: variable bobonus was byte, now int to accommodate using data's values)
(note: variable mabase was byte, now long to accommodate using data's values)
(note: variable mabonus was byte, now int to accommodate using data's values)
(note: variable macomp was byte, now long to accommodate using data's values)
(note: variable mahire was byte, now long to accommodate using data's values)
(note: variable libase was byte, now long to accommodate using data's values)
(note: variable libonus was byte, now int to accommodate using data's values)
(note: variable licomp was byte, now long to accommodate using data's values)
(note: variable lihire was byte, now long to accommodate using data's values)
(note: variable wpbase was byte, now long to accommodate using data's values)
(note: variable wpbonus was byte, now int to accommodate using data's values)
(note: variable wpcomp was byte, now long to accommodate using data's values)
(note: variable wphire was byte, now long to accommodate using data's values)
(note: variable phbonus was byte, now int to accommodate using data's values)
(note: variable wahire was int, now long to accommodate using data's values)
(note: variable athire was byte, now long to accommodate using data's values)
(note: variable mibase was byte, now long to accommodate using data's values)
(note: variable mibonus was byte, now int to accommodate using data's values)
(note: variable micomp was byte, now long to accommodate using data's values)
(note: variable mihire was byte, now long to accommodate using data's values)
(note: variable mebase was byte, now long to accommodate using data's values)
(note: variable mebonus was byte, now int to accommodate using data's values)
(note: variable mecomp was byte, now long to accommodate using data's values)
(note: variable mehire was byte, now long to accommodate using data's values)
(note: variable chbonus was byte, now int to accommodate using data's values)
(note: variable chhire was byte, now long to accommodate using data's values)
(note: variable labonus was byte, now int to accommodate using data's values)
(note: variable sfbonus was byte, now int to accommodate using data's values)
(note: variable sebase was byte, now long to accommodate using data's values)
(note: variable secomp was byte, now long to accommodate using data's values)
(note: variable sehire was byte, now long to accommodate using data's values)
(note: variable hibase was byte, now long to accommodate using data's values)
(note: variable hibonus was byte, now int to accommodate using data's values)
(note: variable hicomp was byte, now long to accommodate using data's values)
(note: variable prbase was byte, now long to accommodate using data's values)
(note: variable prbonus was byte, now int to accommodate using data's values)
(note: variable prcomp was byte, now long to accommodate using data's values)
(note: variable fileName was str23, now str31 to accommodate using data's
       values)
(note: variable title was str32, now str39 to accommodate using data's values)
(note: variable reportsto was str25, now str42 to accommodate using data's
       values)
file EDI.dta saved

. 
. // load the file after appending all rows
. use EDI.dta, clear

. 
. // keep certain columns
. keep code base bonus total hire reports title reportsto fileName

. 
. // sort descending by file name 
. gsort -fileName 

. 
. // generate the pay gap between each position
. //gen payGap = total - total[_n-1]
. 
. save EDI.dta, replace
file EDI.dta saved

. 
. //outsheet code base bonus total hire reports title reportsto fileName payGap us
> ing EDI.csv, comma
. 
. exit

end of do-file


. do "/Users/macbook/Desktop/18-19 Thesis/Data Processing/1996/ELE/ELE.do"

. cd "/Users/macbook/Desktop/18-19 Thesis/Data Processing/1996/ELE"
/Users/macbook/Desktop/18-19 Thesis/Data Processing/1996/ELE

. 
. capture log close
