------------------------------------------------------------------------------------------
      name:  <unnamed>
       log:  /Users/macbook/Desktop/18-19 Thesis/Data Processing/StructureSummary/Structur
> eSummary.log
  log type:  text
 opened on:  16 Apr 2019, 17:48:09

. 
. version 15

. 
. local path96 "/Users/macbook/Desktop/18-19 Thesis/R Calculations/1996 Ladders/"

. local path97 "/Users/macbook/Desktop/18-19 Thesis/R Calculations/1997 Ladders/"

. local path98 "/Users/macbook/Desktop/18-19 Thesis/R Calculations/1998 Ladders/"

. 
. local fileList "structureNZ.csv"        ///
>                                 "structureNZNA.csv"     ///
>                                 "allStruct.csv"

. 
. // load the data
. drop _all

. foreach fileName in "`fileList'" {
  2.         import delimited using "`path96'`fileName'",  clear 
  3.         di "This is `fileName'" //DDD
  4.         tab structure
  5. }
(5 vars, 14 obs)
This is structureNZ.csv

  Structure |      Freq.     Percent        Cum.
------------+-----------------------------------
          0 |         12       85.71       85.71
          1 |          2       14.29      100.00
------------+-----------------------------------
      Total |         14      100.00
(5 vars, 27 obs)
This is structureNZNA.csv

  Structure |      Freq.     Percent        Cum.
------------+-----------------------------------
          0 |          8       29.63       29.63
          1 |         19       70.37      100.00
------------+-----------------------------------
      Total |         27      100.00
(5 vars, 41 obs)
This is allStruct.csv

  Structure |      Freq.     Percent        Cum.
------------+-----------------------------------
          0 |         20       48.78       48.78
          1 |         21       51.22      100.00
------------+-----------------------------------
      Total |         41      100.00

. 
. foreach fileName in "`fileList'" {
  2.         import delimited using "`path97'`fileName'",  clear 
  3.         di "This is `fileName'" //DDD
  4.         tab structure
  5. }
(5 vars, 10 obs)
This is structureNZ.csv

  Structure |      Freq.     Percent        Cum.
------------+-----------------------------------
          0 |          8       80.00       80.00
          1 |          2       20.00      100.00
------------+-----------------------------------
      Total |         10      100.00
(5 vars, 19 obs)
This is structureNZNA.csv

  Structure |      Freq.     Percent        Cum.
------------+-----------------------------------
          0 |          4       21.05       21.05
          1 |         15       78.95      100.00
------------+-----------------------------------
      Total |         19      100.00
(5 vars, 29 obs)
This is allStruct.csv

  Structure |      Freq.     Percent        Cum.
------------+-----------------------------------
          0 |         12       41.38       41.38
          1 |         17       58.62      100.00
------------+-----------------------------------
      Total |         29      100.00

. 
. foreach fileName in "`fileList'" {
  2.         import delimited using "`path98'`fileName'",  clear 
  3.         di "This is `fileName'" //DDD
  4.         tab structure
  5. }
(5 vars, 11 obs)
This is structureNZ.csv

  Structure |      Freq.     Percent        Cum.
------------+-----------------------------------
          0 |          9       81.82       81.82
          1 |          2       18.18      100.00
------------+-----------------------------------
      Total |         11      100.00
(5 vars, 20 obs)
This is structureNZNA.csv

  Structure |      Freq.     Percent        Cum.
------------+-----------------------------------
          0 |          5       25.00       25.00
          1 |         15       75.00      100.00
------------+-----------------------------------
      Total |         20      100.00
(5 vars, 31 obs)
This is allStruct.csv

  Structure |      Freq.     Percent        Cum.
------------+-----------------------------------
          0 |         14       45.16       45.16
          1 |         17       54.84      100.00
------------+-----------------------------------
      Total |         31      100.00

. 
. 
. 
. 
. 
. 
. 
. 
. 
. 
end of do-file

. do "/var/folders/sy/4d9t8khs1jn_xflrv2wvq20c0000gn/T//SD16538.000000"

. cd "/Users/macbook/Desktop/18-19 Thesis/Data Processing/1996/1996_StoreOpsCombined"
/Users/macbook/Desktop/18-19 Thesis/Data Processing/1996/1996_StoreOpsCombined

. 
. capture log close
