------------------------------------------------------------------------------------------
      name:  <unnamed>
       log:  /Users/macbook/Desktop/18-19 Thesis/Data Processing/1998/02 RealConversion/co
> nvertData.log
  log type:  text
 opened on:  22 Mar 2019, 19:01:55

. 
. version 15

. 
. local pathName "/Users/macbook/Desktop/18-19 Thesis/fromBefore/theData/1998/"

. local editedPath "/Users/macbook/Desktop/18-19 Thesis/Data Processing/1998/01 DescribeDa
> ta/"

. local savePath "/Users/macbook/Desktop/18-19 Thesis/Data Processing/1998/02 RealConversi
> on/convertedData/"

. 
. local fileList "01 ceo" ///
>                 "02 head of legal" ///
>                 "03 head of real estate" ///
>                 "04 regional real estate" ///
>                 "05 head of store plan const" ///
>                 "06 field regional const mgr" ///
>                 "07 cfo" ///
>                 "08 controller" ///
>                 "09 treasurer" ///
>                 "10 top internal auditor" ///
>                 "11 head of merchandising" ///
>                 "12 div merchandise mgr" ///
>                 "13 sr merch buyer" ///
>                 "14 merch buyer" ///
>                 "15 assistant _ assoiciate" ///
>                 "16 head of merch plan alloc" ///
>                 "17 sr merch plan controll" ///
>                 "18 merch planner controller" ///
>                 "19 merch distrib" ///
>                 "20 head of import prod" ///
>                 "21 production coor" ///
>                 "22 head of mktg advtg sales" ///
>                 "23 art department head" ///
>                 "24 head of visual" ///
>                 "25 reg visual merch" ///
>                 "26 head info sys data proc" ///
>                 "27 head systems programming" ///
>                 "28 head computer operations" ///
>                 "29 point sale admin" ///
>                 "30 head of human resource" ///
>                 "31 compensation benefit mgr" ///
>                 "32 head of loss prevention" ///
>                 "33 regional loss prevention" ///
>                 "34 head phys distrib log" ///
>                 "35 distribution center mgr" ///
>                 "36 domestic traffic manager" ///
>                 "37 head of stores" ///
>                 "38 zone manager" ///
>                 "39 regional manager" ///
>                 "40a  district manager" ///
>                 "40b district manager" ///
>                 "41 area sales _ sr manager" ///
>                 "42a store manager" ///
>                 "42b store manager" ///
>                 "43a assistant manager" ///
>                 "43b assistant manager" ///
>                 "44a third key" ///
>                 "44b third key" ///
>                 "45 full time" ///
>                 "46 part time" 

.                 
.                 
. local editedFiles "39 regional manager", "40a  district manager", "41 area sales _ sr ma
> nager", "42a store manager", "43a assistant manager", "44a third key"

. 
.         
. drop _all

. 
. 
. foreach fileName in "`fileList'" {
  2.         if inlist("`fileName'", "`editedFiles'")        {
  3.                 use "`editedPath'`fileName'.dta", clear 
  4.                 quietly describe *base* *bonus* *total* *bns*, varlist
  5.                 local varList = r(varlist)
  6.         }
  7.         else    {
  8.                 import delimited using "`pathName'`fileName'.txt",  clear // names
  9.                 quietly describe *base* *bonus* *total*, varlist
 10.                 local varList = r(varlist)
 11.         }
 12.         
.         
.         // replace $ in each variable that ends with base
.         foreach varName of varlist `varList'    {
 13.                 
.                 // check if varName is of type string
.                 local vartype: type `varName'
 14.                 
.                 if substr("`vartype'",1,3)=="str"       {
 15.                         gen `varName'Num = subinstr(`varName', "$", "", .)
 16.                         replace `varName'Num = subinstr(`varName'Num, ",", "", .)
 17.                         drop `varName'
 18.                         
.                         // replace string with real
.                         gen `varName' = real(`varName'Num)
 19.                         drop `varName'Num
 20.                 }
 21.         }
 22.         
.         save "`savePath'`fileName'.dta", replace 
 23. }
(9 vars, 44 obs)
file /Users/macbook/Desktop/18-19 Thesis/Data Processing/1998/02 RealConversion/convertedD
> ata/01 ceo.dta saved
(10 vars, 26 obs)
(26 real changes made)
(1 missing value generated)
(18 real changes made)
(1 missing value generated)
(26 real changes made)
file /Users/macbook/Desktop/18-19 Thesis/Data Processing/1998/02 RealConversion/convertedD
> ata/02 head of legal.dta saved
(12 vars, 32 obs)
(32 real changes made)
(23 real changes made)
(32 real changes made)
file /Users/macbook/Desktop/18-19 Thesis/Data Processing/1998/02 RealConversion/convertedD
> ata/03 head of real estate.dta saved
(9 vars, 21 obs)
(21 real changes made)
(12 real changes made)
(21 real changes made)
file /Users/macbook/Desktop/18-19 Thesis/Data Processing/1998/02 RealConversion/convertedD
> ata/04 regional real estate.dta saved
(40 vars, 44 obs)
(17 missing values generated)
(27 real changes made)
(17 missing values generated)
(36 missing values generated)
(8 real changes made)
(36 missing values generated)
(25 missing values generated)
(19 real changes made)
(25 missing values generated)
(37 missing values generated)
(7 real changes made)
(37 missing values generated)
(41 missing values generated)
(3 real changes made)
(41 missing values generated)
(18 missing values generated)
(20 real changes made)
(18 missing values generated)
(39 missing values generated)
(3 real changes made)
(39 missing values generated)
(29 missing values generated)
(10 real changes made)
(29 missing values generated)
(40 missing values generated)
(3 real changes made)
(40 missing values generated)
(42 missing values generated)
(1 real change made)
(42 missing values generated)
(17 missing values generated)
(27 real changes made)
(17 missing values generated)
(36 missing values generated)
(8 real changes made)
(36 missing values generated)
(25 missing values generated)
(19 real changes made)
(25 missing values generated)
(37 missing values generated)
(7 real changes made)
(37 missing values generated)
(41 missing values generated)
(3 real changes made)
(41 missing values generated)
file /Users/macbook/Desktop/18-19 Thesis/Data Processing/1998/02 RealConversion/convertedD
> ata/05 head of store plan const.dta saved
(9 vars, 23 obs)
(23 real changes made)
(9 missing values generated)
(10 real changes made)
(9 missing values generated)
(23 real changes made)
file /Users/macbook/Desktop/18-19 Thesis/Data Processing/1998/02 RealConversion/convertedD
> ata/06 field regional const mgr.dta saved
(10 vars, 43 obs)
(43 real changes made)
(1 missing value generated)
(30 real changes made)
(1 missing value generated)
(43 real changes made)
file /Users/macbook/Desktop/18-19 Thesis/Data Processing/1998/02 RealConversion/convertedD
> ata/07 cfo.dta saved
(9 vars, 44 obs)
(44 real changes made)
(3 missing values generated)
(30 real changes made)
(3 missing values generated)
(44 real changes made)
file /Users/macbook/Desktop/18-19 Thesis/Data Processing/1998/02 RealConversion/convertedD
> ata/08 controller.dta saved
(9 vars, 18 obs)
(18 real changes made)
(2 missing values generated)
(14 real changes made)
(2 missing values generated)
(18 real changes made)
file /Users/macbook/Desktop/18-19 Thesis/Data Processing/1998/02 RealConversion/convertedD
> ata/09 treasurer.dta saved
(9 vars, 14 obs)
(14 real changes made)
(2 missing values generated)
(8 real changes made)
(2 missing values generated)
(14 real changes made)
file /Users/macbook/Desktop/18-19 Thesis/Data Processing/1998/02 RealConversion/convertedD
> ata/10 top internal auditor.dta saved
(11 vars, 38 obs)
file /Users/macbook/Desktop/18-19 Thesis/Data Processing/1998/02 RealConversion/convertedD
> ata/11 head of merchandising.dta saved
(11 vars, 46 obs)
(46 real changes made)
(3 missing values generated)
(28 real changes made)
(3 missing values generated)
(46 real changes made)
file /Users/macbook/Desktop/18-19 Thesis/Data Processing/1998/02 RealConversion/convertedD
> ata/12 div merchandise mgr.dta saved
(11 vars, 28 obs)
(28 real changes made)
(5 missing values generated)
(20 real changes made)
(5 missing values generated)
(28 real changes made)
file /Users/macbook/Desktop/18-19 Thesis/Data Processing/1998/02 RealConversion/convertedD
> ata/13 sr merch buyer.dta saved
(11 vars, 56 obs)
(56 real changes made)
(10 missing values generated)
(30 real changes made)
(10 missing values generated)
(56 real changes made)
file /Users/macbook/Desktop/18-19 Thesis/Data Processing/1998/02 RealConversion/convertedD
> ata/14 merch buyer.dta saved
(19 vars, 50 obs)
(19 missing values generated)
(31 real changes made)
(19 missing values generated)
(13 missing values generated)
(37 real changes made)
(13 missing values generated)
(28 missing values generated)
(9 real changes made)
(28 missing values generated)
(32 missing values generated)
(6 real changes made)
(32 missing values generated)
(19 missing values generated)
(31 real changes made)
(19 missing values generated)
(13 missing values generated)
(37 real changes made)
(13 missing values generated)
file /Users/macbook/Desktop/18-19 Thesis/Data Processing/1998/02 RealConversion/convertedD
> ata/15 assistant _ assoiciate.dta saved
(12 vars, 47 obs)
file /Users/macbook/Desktop/18-19 Thesis/Data Processing/1998/02 RealConversion/convertedD
> ata/16 head of merch plan alloc.dta saved
(12 vars, 27 obs)
(27 real changes made)
(5 missing values generated)
(14 real changes made)
(5 missing values generated)
(27 real changes made)
file /Users/macbook/Desktop/18-19 Thesis/Data Processing/1998/02 RealConversion/convertedD
> ata/17 sr merch plan controll.dta saved
(10 vars, 46 obs)
(46 real changes made)
(14 missing values generated)
(18 real changes made)
(14 missing values generated)
(46 real changes made)
file /Users/macbook/Desktop/18-19 Thesis/Data Processing/1998/02 RealConversion/convertedD
> ata/18 merch planner controller.dta saved
(9 vars, 48 obs)
(48 real changes made)
(23 missing values generated)
(9 real changes made)
(23 missing values generated)
(48 real changes made)
file /Users/macbook/Desktop/18-19 Thesis/Data Processing/1998/02 RealConversion/convertedD
> ata/19 merch distrib.dta saved
(12 vars, 15 obs)
(15 real changes made)
(1 missing value generated)
(11 real changes made)
(1 missing value generated)
(15 real changes made)
file /Users/macbook/Desktop/18-19 Thesis/Data Processing/1998/02 RealConversion/convertedD
> ata/20 head of import prod.dta saved
(21 vars, 9 obs)
(9 real changes made)
(2 missing values generated)
(4 real changes made)
(2 missing values generated)
(9 real changes made)
file /Users/macbook/Desktop/18-19 Thesis/Data Processing/1998/02 RealConversion/convertedD
> ata/21 production coor.dta saved
(41 vars, 46 obs)
(20 missing values generated)
(26 real changes made)
(20 missing values generated)
(33 missing values generated)
(13 real changes made)
(33 missing values generated)
(39 missing values generated)
(7 real changes made)
(39 missing values generated)
(34 missing values generated)
(12 real changes made)
(34 missing values generated)
(22 missing values generated)
(17 real changes made)
(22 missing values generated)
(33 missing values generated)
(7 real changes made)
(33 missing values generated)
(40 missing values generated)
(4 real changes made)
(40 missing values generated)
(35 missing values generated)
(6 real changes made)
(35 missing values generated)
(20 missing values generated)
(26 real changes made)
(20 missing values generated)
(33 missing values generated)
(13 real changes made)
(33 missing values generated)
(39 missing values generated)
(7 real changes made)
(39 missing values generated)
(34 missing values generated)
(12 real changes made)
(34 missing values generated)
file /Users/macbook/Desktop/18-19 Thesis/Data Processing/1998/02 RealConversion/convertedD
> ata/22 head of mktg advtg sales.dta saved
(11 vars, 24 obs)
(24 real changes made)
(8 missing values generated)
(9 real changes made)
(8 missing values generated)
(24 real changes made)
file /Users/macbook/Desktop/18-19 Thesis/Data Processing/1998/02 RealConversion/convertedD
> ata/23 art department head.dta saved
(10 vars, 46 obs)
file /Users/macbook/Desktop/18-19 Thesis/Data Processing/1998/02 RealConversion/convertedD
> ata/24 head of visual.dta saved
(7 vars, 17 obs)
(17 real changes made)
(9 missing values generated)
(4 real changes made)
(9 missing values generated)
(17 real changes made)
file /Users/macbook/Desktop/18-19 Thesis/Data Processing/1998/02 RealConversion/convertedD
> ata/25 reg visual merch.dta saved
(10 vars, 40 obs)
(40 real changes made)
(2 missing values generated)
(27 real changes made)
(2 missing values generated)
(40 real changes made)
file /Users/macbook/Desktop/18-19 Thesis/Data Processing/1998/02 RealConversion/convertedD
> ata/26 head info sys data proc.dta saved
(10 vars, 38 obs)
(38 real changes made)
(7 missing values generated)
(18 real changes made)
(7 missing values generated)
(38 real changes made)
file /Users/macbook/Desktop/18-19 Thesis/Data Processing/1998/02 RealConversion/convertedD
> ata/27 head systems programming.dta saved
(10 vars, 36 obs)
(36 real changes made)
(8 missing values generated)
(18 real changes made)
(8 missing values generated)
(36 real changes made)
file /Users/macbook/Desktop/18-19 Thesis/Data Processing/1998/02 RealConversion/convertedD
> ata/28 head computer operations.dta saved
(9 vars, 26 obs)
(26 real changes made)
(26 real changes made)
file /Users/macbook/Desktop/18-19 Thesis/Data Processing/1998/02 RealConversion/convertedD
> ata/29 point sale admin.dta saved
(12 vars, 46 obs)
file /Users/macbook/Desktop/18-19 Thesis/Data Processing/1998/02 RealConversion/convertedD
> ata/30 head of human resource.dta saved
(23 vars, 40 obs)
(22 missing values generated)
(18 real changes made)
(22 missing values generated)
(18 missing values generated)
(22 real changes made)
(18 missing values generated)
(29 missing values generated)
(11 real changes made)
(29 missing values generated)
(24 missing values generated)
(10 real changes made)
(24 missing values generated)
(28 missing values generated)
(9 real changes made)
(28 missing values generated)
(34 missing values generated)
(6 real changes made)
(34 missing values generated)
(22 missing values generated)
(18 real changes made)
(22 missing values generated)
(18 missing values generated)
(22 real changes made)
(18 missing values generated)
(29 missing values generated)
(11 real changes made)
(29 missing values generated)
file /Users/macbook/Desktop/18-19 Thesis/Data Processing/1998/02 RealConversion/convertedD
> ata/31 compensation benefit mgr.dta saved
(14 vars, 44 obs)
(1 missing value generated)
(43 real changes made)
(1 missing value generated)
(4 missing values generated)
(25 real changes made)
(4 missing values generated)
(1 missing value generated)
(43 real changes made)
(1 missing value generated)
file /Users/macbook/Desktop/18-19 Thesis/Data Processing/1998/02 RealConversion/convertedD
> ata/32 head of loss prevention.dta saved
(8 vars, 34 obs)
(34 real changes made)
(14 missing values generated)
(13 real changes made)
(14 missing values generated)
(34 real changes made)
file /Users/macbook/Desktop/18-19 Thesis/Data Processing/1998/02 RealConversion/convertedD
> ata/33 regional loss prevention.dta saved
(16 vars, 40 obs)
(40 real changes made)
(2 missing values generated)
(28 real changes made)
(2 missing values generated)
(40 real changes made)
file /Users/macbook/Desktop/18-19 Thesis/Data Processing/1998/02 RealConversion/convertedD
> ata/34 head phys distrib log.dta saved
(10 vars, 29 obs)
(29 real changes made)
(6 missing values generated)
(17 real changes made)
(6 missing values generated)
(29 real changes made)
file /Users/macbook/Desktop/18-19 Thesis/Data Processing/1998/02 RealConversion/convertedD
> ata/35 distribution center mgr.dta saved
(12 vars, 28 obs)
(28 real changes made)
(9 missing values generated)
(14 real changes made)
(9 missing values generated)
(28 real changes made)
file /Users/macbook/Desktop/18-19 Thesis/Data Processing/1998/02 RealConversion/convertedD
> ata/36 domestic traffic manager.dta saved
(12 vars, 44 obs)
file /Users/macbook/Desktop/18-19 Thesis/Data Processing/1998/02 RealConversion/convertedD
> ata/37 head of stores.dta saved
(9 vars, 9 obs)
(9 real changes made)
(8 real changes made)
(9 real changes made)
file /Users/macbook/Desktop/18-19 Thesis/Data Processing/1998/02 RealConversion/convertedD
> ata/38 zone manager.dta saved
(1 missing value generated)
(52 real changes made)
(1 missing value generated)
(48 missing values generated)
(5 real changes made)
(48 missing values generated)
(32 missing values generated)
(21 real changes made)
(32 missing values generated)
(32 missing values generated)
(21 real changes made)
(32 missing values generated)
(33 missing values generated)
(20 real changes made)
(33 missing values generated)
(36 missing values generated)
(17 real changes made)
(36 missing values generated)
(45 missing values generated)
(8 real changes made)
(45 missing values generated)
(4 missing values generated)
(38 real changes made)
(4 missing values generated)
(48 missing values generated)
(2 real changes made)
(48 missing values generated)
(33 missing values generated)
(12 real changes made)
(33 missing values generated)
(32 missing values generated)
(15 real changes made)
(32 missing values generated)
(34 missing values generated)
(14 real changes made)
(34 missing values generated)
(38 missing values generated)
(13 real changes made)
(38 missing values generated)
(47 missing values generated)
(6 real changes made)
(47 missing values generated)
(1 missing value generated)
(52 real changes made)
(1 missing value generated)
(48 missing values generated)
(5 real changes made)
(48 missing values generated)
(32 missing values generated)
(21 real changes made)
(32 missing values generated)
(32 missing values generated)
(21 real changes made)
(32 missing values generated)
(33 missing values generated)
(20 real changes made)
(33 missing values generated)
(36 missing values generated)
(17 real changes made)
(36 missing values generated)
(45 missing values generated)
(8 real changes made)
(45 missing values generated)
(46 missing values generated)
(7 real changes made)
(46 missing values generated)
(50 missing values generated)
(3 real changes made)
(50 missing values generated)
(49 missing values generated)
(4 real changes made)
(49 missing values generated)
(49 missing values generated)
(4 real changes made)
(49 missing values generated)
(51 missing values generated)
(2 real changes made)
(51 missing values generated)
file /Users/macbook/Desktop/18-19 Thesis/Data Processing/1998/02 RealConversion/convertedD
> ata/39 regional manager.dta saved
(58 real changes made)
(40 missing values generated)
(18 real changes made)
(40 missing values generated)
(28 missing values generated)
(30 real changes made)
(28 missing values generated)
(17 missing values generated)
(41 real changes made)
(17 missing values generated)
(18 missing values generated)
(40 real changes made)
(18 missing values generated)
(36 missing values generated)
(22 real changes made)
(36 missing values generated)
(46 missing values generated)
(12 real changes made)
(46 missing values generated)
(9 missing values generated)
(44 real changes made)
(9 missing values generated)
(42 missing values generated)
(12 real changes made)
(42 missing values generated)
(33 missing values generated)
(20 real changes made)
(33 missing values generated)
(24 missing values generated)
(28 real changes made)
(24 missing values generated)
(24 missing values generated)
(31 real changes made)
(24 missing values generated)
(42 missing values generated)
(13 real changes made)
(42 missing values generated)
(50 missing values generated)
(7 real changes made)
(50 missing values generated)
(58 real changes made)
(40 missing values generated)
(18 real changes made)
(40 missing values generated)
(28 missing values generated)
(30 real changes made)
(28 missing values generated)
(17 missing values generated)
(41 real changes made)
(17 missing values generated)
(18 missing values generated)
(40 real changes made)
(18 missing values generated)
(36 missing values generated)
(22 real changes made)
(36 missing values generated)
(46 missing values generated)
(12 real changes made)
(46 missing values generated)
(47 missing values generated)
(11 real changes made)
(47 missing values generated)
(56 missing values generated)
(2 real changes made)
(56 missing values generated)
(52 missing values generated)
(6 real changes made)
(52 missing values generated)
(51 missing values generated)
(7 real changes made)
(51 missing values generated)
(52 missing values generated)
(6 real changes made)
(52 missing values generated)
(56 missing values generated)
(2 real changes made)
(56 missing values generated)
(56 missing values generated)
(2 real changes made)
(56 missing values generated)
file /Users/macbook/Desktop/18-19 Thesis/Data Processing/1998/02 RealConversion/convertedD
> ata/40a  district manager.dta saved
(87 vars, 47 obs)
(15 missing values generated)
(32 real changes made)
(15 missing values generated)
(20 missing values generated)
(27 real changes made)
(20 missing values generated)
(29 missing values generated)
(18 real changes made)
(29 missing values generated)
(13 missing values generated)
(34 real changes made)
(13 missing values generated)
(25 missing values generated)
(22 real changes made)
(25 missing values generated)
(17 missing values generated)
(30 real changes made)
(17 missing values generated)
(19 missing values generated)
(28 real changes made)
(19 missing values generated)
(19 missing values generated)
(28 real changes made)
(19 missing values generated)
(21 missing values generated)
(26 real changes made)
(21 missing values generated)
(28 missing values generated)
(19 real changes made)
(28 missing values generated)
(7 missing values generated)
(40 real changes made)
(7 missing values generated)
(18 missing values generated)
(29 real changes made)
(18 missing values generated)
(18 missing values generated)
(29 real changes made)
(18 missing values generated)
(23 missing values generated)
(24 real changes made)
(23 missing values generated)
(45 missing values generated)
(2 real changes made)
(45 missing values generated)
(41 missing values generated)
(6 real changes made)
(41 missing values generated)
(41 missing values generated)
(6 real changes made)
(41 missing values generated)
(18 missing values generated)
(22 real changes made)
(18 missing values generated)
(21 missing values generated)
(20 real changes made)
(21 missing values generated)
(31 missing values generated)
(13 real changes made)
(31 missing values generated)
(15 missing values generated)
(22 real changes made)
(15 missing values generated)
(26 missing values generated)
(15 real changes made)
(26 missing values generated)
(19 missing values generated)
(24 real changes made)
(19 missing values generated)
(23 missing values generated)
(15 real changes made)
(23 missing values generated)
(20 missing values generated)
(17 real changes made)
(20 missing values generated)
(22 missing values generated)
(18 real changes made)
(22 missing values generated)
(28 missing values generated)
(13 real changes made)
(28 missing values generated)
(9 missing values generated)
(32 real changes made)
(9 missing values generated)
(20 missing values generated)
(22 real changes made)
(20 missing values generated)
(19 missing values generated)
(22 real changes made)
(19 missing values generated)
(24 missing values generated)
(19 real changes made)
(24 missing values generated)
(45 missing values generated)
(2 real changes made)
(45 missing values generated)
(41 missing values generated)
(5 real changes made)
(41 missing values generated)
(41 missing values generated)
(4 real changes made)
(41 missing values generated)
(15 missing values generated)
(32 real changes made)
(15 missing values generated)
(20 missing values generated)
(27 real changes made)
(20 missing values generated)
(29 missing values generated)
(18 real changes made)
(29 missing values generated)
(13 missing values generated)
(34 real changes made)
(13 missing values generated)
(25 missing values generated)
(22 real changes made)
(25 missing values generated)
(17 missing values generated)
(30 real changes made)
(17 missing values generated)
(19 missing values generated)
(28 real changes made)
(19 missing values generated)
(19 missing values generated)
(28 real changes made)
(19 missing values generated)
(21 missing values generated)
(26 real changes made)
(21 missing values generated)
(28 missing values generated)
(19 real changes made)
(28 missing values generated)
(7 missing values generated)
(40 real changes made)
(7 missing values generated)
(18 missing values generated)
(29 real changes made)
(18 missing values generated)
(18 missing values generated)
(29 real changes made)
(18 missing values generated)
(23 missing values generated)
(24 real changes made)
(23 missing values generated)
(45 missing values generated)
(2 real changes made)
(45 missing values generated)
(41 missing values generated)
(6 real changes made)
(41 missing values generated)
(41 missing values generated)
(6 real changes made)
(41 missing values generated)
file /Users/macbook/Desktop/18-19 Thesis/Data Processing/1998/02 RealConversion/convertedD
> ata/40b district manager.dta saved
(16 real changes made)
(11 missing values generated)
(5 real changes made)
(11 missing values generated)
(3 missing values generated)
(13 real changes made)
(3 missing values generated)
(13 missing values generated)
(3 real changes made)
(13 missing values generated)
(9 missing values generated)
(7 real changes made)
(9 missing values generated)
(11 missing values generated)
(5 real changes made)
(11 missing values generated)
(12 missing values generated)
(4 real changes made)
(12 missing values generated)
(13 missing values generated)
(3 real changes made)
(13 missing values generated)
(13 missing values generated)
(3 real changes made)
(13 missing values generated)
(13 missing values generated)
(3 real changes made)
(13 missing values generated)
(11 missing values generated)
(5 real changes made)
(11 missing values generated)
(14 missing values generated)
(2 real changes made)
(14 missing values generated)
(13 missing values generated)
(3 real changes made)
(13 missing values generated)
(12 missing values generated)
(4 real changes made)
(12 missing values generated)
(11 missing values generated)
(5 real changes made)
(11 missing values generated)
(15 missing values generated)
(1 real change made)
(15 missing values generated)
(15 missing values generated)
(1 real change made)
(15 missing values generated)
(3 missing values generated)
(12 real changes made)
(3 missing values generated)
(12 missing values generated)
(4 real changes made)
(12 missing values generated)
(6 missing values generated)
(9 real changes made)
(6 missing values generated)
(13 missing values generated)
(3 real changes made)
(13 missing values generated)
(11 missing values generated)
(5 real changes made)
(11 missing values generated)
(13 missing values generated)
(3 real changes made)
(13 missing values generated)
(13 missing values generated)
(3 real changes made)
(13 missing values generated)
(14 missing values generated)
(2 real changes made)
(14 missing values generated)
(15 missing values generated)
(1 real change made)
(15 missing values generated)
(14 missing values generated)
(2 real changes made)
(14 missing values generated)
(13 missing values generated)
(3 real changes made)
(13 missing values generated)
(14 missing values generated)
(1 real change made)
(14 missing values generated)
(15 missing values generated)
(1 real change made)
(15 missing values generated)
(14 missing values generated)
(1 real change made)
(14 missing values generated)
(13 missing values generated)
(3 real changes made)
(13 missing values generated)
(15 missing values generated)
(0 real changes made)
(15 missing values generated)
(15 missing values generated)
(1 real change made)
(15 missing values generated)
(16 real changes made)
(11 missing values generated)
(5 real changes made)
(11 missing values generated)
(3 missing values generated)
(13 real changes made)
(3 missing values generated)
(13 missing values generated)
(3 real changes made)
(13 missing values generated)
(9 missing values generated)
(7 real changes made)
(9 missing values generated)
(11 missing values generated)
(5 real changes made)
(11 missing values generated)
(12 missing values generated)
(4 real changes made)
(12 missing values generated)
(13 missing values generated)
(3 real changes made)
(13 missing values generated)
(13 missing values generated)
(3 real changes made)
(13 missing values generated)
(13 missing values generated)
(3 real changes made)
(13 missing values generated)
(11 missing values generated)
(5 real changes made)
(11 missing values generated)
(14 missing values generated)
(2 real changes made)
(14 missing values generated)
(13 missing values generated)
(3 real changes made)
(13 missing values generated)
(12 missing values generated)
(4 real changes made)
(12 missing values generated)
(11 missing values generated)
(5 real changes made)
(11 missing values generated)
(15 missing values generated)
(1 real change made)
(15 missing values generated)
(15 missing values generated)
(1 real change made)
(15 missing values generated)
(12 missing values generated)
(4 real changes made)
(12 missing values generated)
(14 missing values generated)
(2 real changes made)
(14 missing values generated)
(13 missing values generated)
(3 real changes made)
(13 missing values generated)
file /Users/macbook/Desktop/18-19 Thesis/Data Processing/1998/02 RealConversion/convertedD
> ata/41 area sales _ sr manager.dta saved
file /Users/macbook/Desktop/18-19 Thesis/Data Processing/1998/02 RealConversion/convertedD
> ata/42a store manager.dta saved
(88 vars, 56 obs)
(11 missing values generated)
(45 real changes made)
(11 missing values generated)
(21 missing values generated)
(35 real changes made)
(21 missing values generated)
(21 missing values generated)
(35 real changes made)
(21 missing values generated)
(9 missing values generated)
(47 real changes made)
(9 missing values generated)
(16 missing values generated)
(40 real changes made)
(16 missing values generated)
(17 missing values generated)
(39 real changes made)
(17 missing values generated)
(20 missing values generated)
(36 real changes made)
(20 missing values generated)
(14 missing values generated)
(42 real changes made)
(14 missing values generated)
(18 missing values generated)
(38 real changes made)
(18 missing values generated)
(23 missing values generated)
(33 real changes made)
(23 missing values generated)
(5 missing values generated)
(51 real changes made)
(5 missing values generated)
(17 missing values generated)
(39 real changes made)
(17 missing values generated)
(17 missing values generated)
(39 real changes made)
(17 missing values generated)
(20 missing values generated)
(36 real changes made)
(20 missing values generated)
(49 missing values generated)
(7 real changes made)
(49 missing values generated)
(41 missing values generated)
(15 real changes made)
(41 missing values generated)
(45 missing values generated)
(11 real changes made)
(45 missing values generated)
(15 missing values generated)
(27 real changes made)
(15 missing values generated)
(23 missing values generated)
(22 real changes made)
(23 missing values generated)
(23 missing values generated)
(21 real changes made)
(23 missing values generated)
(14 missing values generated)
(27 real changes made)
(14 missing values generated)
(20 missing values generated)
(23 real changes made)
(20 missing values generated)
(21 missing values generated)
(22 real changes made)
(21 missing values generated)
(24 missing values generated)
(19 real changes made)
(24 missing values generated)
(17 missing values generated)
(20 real changes made)
(17 missing values generated)
(24 missing values generated)
(20 real changes made)
(24 missing values generated)
(27 missing values generated)
(14 real changes made)
(27 missing values generated)
(11 missing values generated)
(29 real changes made)
(11 missing values generated)
(23 missing values generated)
(21 real changes made)
(23 missing values generated)
(21 missing values generated)
(22 real changes made)
(21 missing values generated)
(23 missing values generated)
(23 real changes made)
(23 missing values generated)
(49 missing values generated)
(2 real changes made)
(49 missing values generated)
(41 missing values generated)
(9 real changes made)
(41 missing values generated)
(47 missing values generated)
(9 real changes made)
(47 missing values generated)
(11 missing values generated)
(45 real changes made)
(11 missing values generated)
(21 missing values generated)
(35 real changes made)
(21 missing values generated)
(21 missing values generated)
(35 real changes made)
(21 missing values generated)
(9 missing values generated)
(47 real changes made)
(9 missing values generated)
(16 missing values generated)
(40 real changes made)
(16 missing values generated)
(17 missing values generated)
(39 real changes made)
(17 missing values generated)
(20 missing values generated)
(36 real changes made)
(20 missing values generated)
(14 missing values generated)
(42 real changes made)
(14 missing values generated)
(18 missing values generated)
(38 real changes made)
(18 missing values generated)
(23 missing values generated)
(33 real changes made)
(23 missing values generated)
(5 missing values generated)
(51 real changes made)
(5 missing values generated)
(17 missing values generated)
(39 real changes made)
(17 missing values generated)
(17 missing values generated)
(39 real changes made)
(17 missing values generated)
(20 missing values generated)
(36 real changes made)
(20 missing values generated)
(49 missing values generated)
(7 real changes made)
(49 missing values generated)
(41 missing values generated)
(15 real changes made)
(41 missing values generated)
(45 missing values generated)
(11 real changes made)
(45 missing values generated)
file /Users/macbook/Desktop/18-19 Thesis/Data Processing/1998/02 RealConversion/convertedD
> ata/42b store manager.dta saved
(1 missing value generated)
(0 real changes made)
(1 missing value generated)
(20 missing values generated)
(0 real changes made)
(20 missing values generated)
(14 missing values generated)
(0 real changes made)
(14 missing values generated)
(11 missing values generated)
(0 real changes made)
(11 missing values generated)
(18 missing values generated)
(0 real changes made)
(18 missing values generated)
(31 missing values generated)
(0 real changes made)
(31 missing values generated)
(35 missing values generated)
(0 real changes made)
(35 missing values generated)
(39 missing values generated)
(0 real changes made)
(39 missing values generated)
(1 missing value generated)
(0 real changes made)
(1 missing value generated)
(20 missing values generated)
(0 real changes made)
(20 missing values generated)
(14 missing values generated)
(0 real changes made)
(14 missing values generated)
(11 missing values generated)
(0 real changes made)
(11 missing values generated)
(18 missing values generated)
(0 real changes made)
(18 missing values generated)
(31 missing values generated)
(0 real changes made)
(31 missing values generated)
(35 missing values generated)
(0 real changes made)
(35 missing values generated)
(29 missing values generated)
(0 real changes made)
(29 missing values generated)
(35 missing values generated)
(0 real changes made)
(35 missing values generated)
(33 missing values generated)
(0 real changes made)
(33 missing values generated)
(34 missing values generated)
(0 real changes made)
(34 missing values generated)
(41 missing values generated)
(0 real changes made)
(41 missing values generated)
(44 missing values generated)
(0 real changes made)
(44 missing values generated)
file /Users/macbook/Desktop/18-19 Thesis/Data Processing/1998/02 RealConversion/convertedD
> ata/43a assistant manager.dta saved
(88 vars, 52 obs)
(8 missing values generated)
(0 real changes made)
(8 missing values generated)
(17 missing values generated)
(0 real changes made)
(17 missing values generated)
(20 missing values generated)
(0 real changes made)
(20 missing values generated)
(11 missing values generated)
(0 real changes made)
(11 missing values generated)
(15 missing values generated)
(0 real changes made)
(15 missing values generated)
(17 missing values generated)
(0 real changes made)
(17 missing values generated)
(19 missing values generated)
(0 real changes made)
(19 missing values generated)
(12 missing values generated)
(0 real changes made)
(12 missing values generated)
(14 missing values generated)
(0 real changes made)
(14 missing values generated)
(25 missing values generated)
(0 real changes made)
(25 missing values generated)
(5 missing values generated)
(0 real changes made)
(5 missing values generated)
(15 missing values generated)
(0 real changes made)
(15 missing values generated)
(13 missing values generated)
(0 real changes made)
(13 missing values generated)
(19 missing values generated)
(0 real changes made)
(19 missing values generated)
(46 missing values generated)
(0 real changes made)
(46 missing values generated)
(37 missing values generated)
(0 real changes made)
(37 missing values generated)
(43 missing values generated)
(0 real changes made)
(43 missing values generated)
(27 missing values generated)
(0 real changes made)
(27 missing values generated)
(32 missing values generated)
(0 real changes made)
(32 missing values generated)
(32 missing values generated)
(0 real changes made)
(32 missing values generated)
(29 missing values generated)
(0 real changes made)
(29 missing values generated)
(30 missing values generated)
(0 real changes made)
(30 missing values generated)
(33 missing values generated)
(0 real changes made)
(33 missing values generated)
(34 missing values generated)
(0 real changes made)
(34 missing values generated)
(29 missing values generated)
(0 real changes made)
(29 missing values generated)
(32 missing values generated)
(0 real changes made)
(32 missing values generated)
(37 missing values generated)
(0 real changes made)
(37 missing values generated)
(26 missing values generated)
(0 real changes made)
(26 missing values generated)
(32 missing values generated)
(0 real changes made)
(32 missing values generated)
(31 missing values generated)
(0 real changes made)
(31 missing values generated)
(31 missing values generated)
(0 real changes made)
(31 missing values generated)
(48 missing values generated)
(0 real changes made)
(48 missing values generated)
(42 missing values generated)
(0 real changes made)
(42 missing values generated)
(48 missing values generated)
(0 real changes made)
(48 missing values generated)
(8 missing values generated)
(0 real changes made)
(8 missing values generated)
(17 missing values generated)
(0 real changes made)
(17 missing values generated)
(20 missing values generated)
(0 real changes made)
(20 missing values generated)
(11 missing values generated)
(0 real changes made)
(11 missing values generated)
(15 missing values generated)
(0 real changes made)
(15 missing values generated)
(17 missing values generated)
(0 real changes made)
(17 missing values generated)
(19 missing values generated)
(0 real changes made)
(19 missing values generated)
(12 missing values generated)
(0 real changes made)
(12 missing values generated)
(14 missing values generated)
(0 real changes made)
(14 missing values generated)
(25 missing values generated)
(0 real changes made)
(25 missing values generated)
(5 missing values generated)
(0 real changes made)
(5 missing values generated)
(15 missing values generated)
(0 real changes made)
(15 missing values generated)
(13 missing values generated)
(0 real changes made)
(13 missing values generated)
(19 missing values generated)
(0 real changes made)
(19 missing values generated)
(46 missing values generated)
(0 real changes made)
(46 missing values generated)
(37 missing values generated)
(0 real changes made)
(37 missing values generated)
(43 missing values generated)
(0 real changes made)
(43 missing values generated)
file /Users/macbook/Desktop/18-19 Thesis/Data Processing/1998/02 RealConversion/convertedD
> ata/43b assistant manager.dta saved
(11 missing values generated)
(0 real changes made)
(11 missing values generated)
(5 missing values generated)
(0 real changes made)
(5 missing values generated)
(14 missing values generated)
(0 real changes made)
(14 missing values generated)
(9 missing values generated)
(0 real changes made)
(9 missing values generated)
(7 missing values generated)
(0 real changes made)
(7 missing values generated)
(11 missing values generated)
(0 real changes made)
(11 missing values generated)
(21 missing values generated)
(0 real changes made)
(21 missing values generated)
(24 missing values generated)
(0 real changes made)
(24 missing values generated)
(30 missing values generated)
(0 real changes made)
(30 missing values generated)
(11 missing values generated)
(0 real changes made)
(11 missing values generated)
(5 missing values generated)
(0 real changes made)
(5 missing values generated)
(14 missing values generated)
(0 real changes made)
(14 missing values generated)
(9 missing values generated)
(0 real changes made)
(9 missing values generated)
(7 missing values generated)
(0 real changes made)
(7 missing values generated)
(11 missing values generated)
(0 real changes made)
(11 missing values generated)
(21 missing values generated)
(0 real changes made)
(21 missing values generated)
(24 missing values generated)
(0 real changes made)
(24 missing values generated)
(27 missing values generated)
(0 real changes made)
(27 missing values generated)
(31 missing values generated)
(0 real changes made)
(31 missing values generated)
file /Users/macbook/Desktop/18-19 Thesis/Data Processing/1998/02 RealConversion/convertedD
> ata/44a third key.dta saved
(87 vars, 34 obs)
(7 missing values generated)
(0 real changes made)
(7 missing values generated)
(11 missing values generated)
(0 real changes made)
(11 missing values generated)
(15 missing values generated)
(0 real changes made)
(15 missing values generated)
(6 missing values generated)
(0 real changes made)
(6 missing values generated)
(10 missing values generated)
(0 real changes made)
(10 missing values generated)
(9 missing values generated)
(0 real changes made)
(9 missing values generated)
(15 missing values generated)
(0 real changes made)
(15 missing values generated)
(12 missing values generated)
(0 real changes made)
(12 missing values generated)
(13 missing values generated)
(0 real changes made)
(13 missing values generated)
(17 missing values generated)
(0 real changes made)
(17 missing values generated)
(5 missing values generated)
(0 real changes made)
(5 missing values generated)
(12 missing values generated)
(0 real changes made)
(12 missing values generated)
(10 missing values generated)
(0 real changes made)
(10 missing values generated)
(12 missing values generated)
(0 real changes made)
(12 missing values generated)
(32 missing values generated)
(0 real changes made)
(32 missing values generated)
(27 missing values generated)
(0 real changes made)
(27 missing values generated)
(28 missing values generated)
(0 real changes made)
(28 missing values generated)
(23 missing values generated)
(0 real changes made)
(23 missing values generated)
(26 missing values generated)
(0 real changes made)
(26 missing values generated)
(26 missing values generated)
(0 real changes made)
(26 missing values generated)
(24 missing values generated)
(0 real changes made)
(24 missing values generated)
(26 missing values generated)
(0 real changes made)
(26 missing values generated)
(23 missing values generated)
(0 real changes made)
(23 missing values generated)
(26 missing values generated)
(0 real changes made)
(26 missing values generated)
(24 missing values generated)
(0 real changes made)
(24 missing values generated)
(27 missing values generated)
(0 real changes made)
(27 missing values generated)
(30 missing values generated)
(0 real changes made)
(30 missing values generated)
(22 missing values generated)
(0 real changes made)
(22 missing values generated)
(26 missing values generated)
(0 real changes made)
(26 missing values generated)
(26 missing values generated)
(0 real changes made)
(26 missing values generated)
(25 missing values generated)
(0 real changes made)
(25 missing values generated)
(33 missing values generated)
(0 real changes made)
(33 missing values generated)
(33 missing values generated)
(0 real changes made)
(33 missing values generated)
(33 missing values generated)
(0 real changes made)
(33 missing values generated)
(7 missing values generated)
(0 real changes made)
(7 missing values generated)
(11 missing values generated)
(0 real changes made)
(11 missing values generated)
(15 missing values generated)
(0 real changes made)
(15 missing values generated)
(6 missing values generated)
(0 real changes made)
(6 missing values generated)
(10 missing values generated)
(0 real changes made)
(10 missing values generated)
(9 missing values generated)
(0 real changes made)
(9 missing values generated)
(15 missing values generated)
(0 real changes made)
(15 missing values generated)
(12 missing values generated)
(0 real changes made)
(12 missing values generated)
(13 missing values generated)
(0 real changes made)
(13 missing values generated)
(17 missing values generated)
(0 real changes made)
(17 missing values generated)
(5 missing values generated)
(0 real changes made)
(5 missing values generated)
(12 missing values generated)
(0 real changes made)
(12 missing values generated)
(10 missing values generated)
(0 real changes made)
(10 missing values generated)
(12 missing values generated)
(0 real changes made)
(12 missing values generated)
(33 missing values generated)
(0 real changes made)
(33 missing values generated)
(27 missing values generated)
(0 real changes made)
(27 missing values generated)
(28 missing values generated)
(0 real changes made)
(28 missing values generated)
file /Users/macbook/Desktop/18-19 Thesis/Data Processing/1998/02 RealConversion/convertedD
> ata/44b third key.dta saved
(93 vars, 49 obs)
(1 missing value generated)
(0 real changes made)
(1 missing value generated)
(23 missing values generated)
(0 real changes made)
(23 missing values generated)
(21 missing values generated)
(0 real changes made)
(21 missing values generated)
(28 missing values generated)
(0 real changes made)
(28 missing values generated)
(20 missing values generated)
(0 real changes made)
(20 missing values generated)
(26 missing values generated)
(0 real changes made)
(26 missing values generated)
(29 missing values generated)
(0 real changes made)
(29 missing values generated)
(29 missing values generated)
(0 real changes made)
(29 missing values generated)
(26 missing values generated)
(0 real changes made)
(26 missing values generated)
(28 missing values generated)
(0 real changes made)
(28 missing values generated)
(33 missing values generated)
(0 real changes made)
(33 missing values generated)
(17 missing values generated)
(0 real changes made)
(17 missing values generated)
(28 missing values generated)
(0 real changes made)
(28 missing values generated)
(27 missing values generated)
(0 real changes made)
(27 missing values generated)
(35 missing values generated)
(0 real changes made)
(35 missing values generated)
(46 missing values generated)
(0 real changes made)
(46 missing values generated)
(39 missing values generated)
(0 real changes made)
(39 missing values generated)
(44 missing values generated)
(0 real changes made)
(44 missing values generated)
(37 missing values generated)
(0 real changes made)
(37 missing values generated)
(44 missing values generated)
(0 real changes made)
(44 missing values generated)
(42 missing values generated)
(0 real changes made)
(42 missing values generated)
(43 missing values generated)
(0 real changes made)
(43 missing values generated)
(42 missing values generated)
(0 real changes made)
(42 missing values generated)
(43 missing values generated)
(0 real changes made)
(43 missing values generated)
(44 missing values generated)
(0 real changes made)
(44 missing values generated)
(44 missing values generated)
(0 real changes made)
(44 missing values generated)
(42 missing values generated)
(0 real changes made)
(42 missing values generated)
(46 missing values generated)
(0 real changes made)
(46 missing values generated)
(46 missing values generated)
(0 real changes made)
(46 missing values generated)
(40 missing values generated)
(0 real changes made)
(40 missing values generated)
(45 missing values generated)
(0 real changes made)
(45 missing values generated)
(44 missing values generated)
(0 real changes made)
(44 missing values generated)
(45 missing values generated)
(0 real changes made)
(45 missing values generated)
(47 missing values generated)
(0 real changes made)
(47 missing values generated)
(48 missing values generated)
(0 real changes made)
(48 missing values generated)
(0 real changes made)
(23 missing values generated)
(0 real changes made)
(23 missing values generated)
(21 missing values generated)
(0 real changes made)
(21 missing values generated)
(28 missing values generated)
(0 real changes made)
(28 missing values generated)
(20 missing values generated)
(0 real changes made)
(20 missing values generated)
(26 missing values generated)
(0 real changes made)
(26 missing values generated)
(29 missing values generated)
(0 real changes made)
(29 missing values generated)
(29 missing values generated)
(0 real changes made)
(29 missing values generated)
(26 missing values generated)
(0 real changes made)
(26 missing values generated)
(28 missing values generated)
(0 real changes made)
(28 missing values generated)
(33 missing values generated)
(0 real changes made)
(33 missing values generated)
(17 missing values generated)
(0 real changes made)
(17 missing values generated)
(28 missing values generated)
(0 real changes made)
(28 missing values generated)
(27 missing values generated)
(0 real changes made)
(27 missing values generated)
(35 missing values generated)
(0 real changes made)
(35 missing values generated)
(46 missing values generated)
(0 real changes made)
(46 missing values generated)
(39 missing values generated)
(0 real changes made)
(39 missing values generated)
(44 missing values generated)
(0 real changes made)
(44 missing values generated)
file /Users/macbook/Desktop/18-19 Thesis/Data Processing/1998/02 RealConversion/convertedD
> ata/45 full time.dta saved
(95 vars, 57 obs)
(1 missing value generated)
(0 real changes made)
(1 missing value generated)
(14 missing values generated)
(0 real changes made)
(14 missing values generated)
(21 missing values generated)
(0 real changes made)
(21 missing values generated)
(26 missing values generated)
(0 real changes made)
(26 missing values generated)
(14 missing values generated)
(0 real changes made)
(14 missing values generated)
(19 missing values generated)
(0 real changes made)
(19 missing values generated)
(21 missing values generated)
(0 real changes made)
(21 missing values generated)
(27 missing values generated)
(0 real changes made)
(27 missing values generated)
(18 missing values generated)
(0 real changes made)
(18 missing values generated)
(21 missing values generated)
(0 real changes made)
(21 missing values generated)
(26 missing values generated)
(0 real changes made)
(26 missing values generated)
(11 missing values generated)
(0 real changes made)
(11 missing values generated)
(21 missing values generated)
(0 real changes made)
(21 missing values generated)
(21 missing values generated)
(0 real changes made)
(21 missing values generated)
(24 missing values generated)
(0 real changes made)
(24 missing values generated)
(50 missing values generated)
(0 real changes made)
(50 missing values generated)
(43 missing values generated)
(0 real changes made)
(43 missing values generated)
(47 missing values generated)
(0 real changes made)
(47 missing values generated)
(45 missing values generated)
(0 real changes made)
(45 missing values generated)
(48 missing values generated)
(0 real changes made)
(48 missing values generated)
(49 missing values generated)
(0 real changes made)
(49 missing values generated)
(49 missing values generated)
(0 real changes made)
(49 missing values generated)
(49 missing values generated)
(0 real changes made)
(49 missing values generated)
(48 missing values generated)
(0 real changes made)
(48 missing values generated)
(48 missing values generated)
(0 real changes made)
(48 missing values generated)
(53 missing values generated)
(0 real changes made)
(53 missing values generated)
(47 missing values generated)
(0 real changes made)
(47 missing values generated)
(51 missing values generated)
(0 real changes made)
(51 missing values generated)
(50 missing values generated)
(0 real changes made)
(50 missing values generated)
(47 missing values generated)
(0 real changes made)
(47 missing values generated)
(49 missing values generated)
(0 real changes made)
(49 missing values generated)
(50 missing values generated)
(0 real changes made)
(50 missing values generated)
(48 missing values generated)
(0 real changes made)
(48 missing values generated)
(55 missing values generated)
(0 real changes made)
(55 missing values generated)
(55 missing values generated)
(0 real changes made)
(55 missing values generated)
(55 missing values generated)
(0 real changes made)
(55 missing values generated)
(1 missing value generated)
(0 real changes made)
(1 missing value generated)
(14 missing values generated)
(0 real changes made)
(14 missing values generated)
(21 missing values generated)
(0 real changes made)
(21 missing values generated)
(26 missing values generated)
(0 real changes made)
(26 missing values generated)
(14 missing values generated)
(0 real changes made)
(14 missing values generated)
(19 missing values generated)
(0 real changes made)
(19 missing values generated)
(21 missing values generated)
(0 real changes made)
(21 missing values generated)
(27 missing values generated)
(0 real changes made)
(27 missing values generated)
(18 missing values generated)
(0 real changes made)
(18 missing values generated)
(21 missing values generated)
(0 real changes made)
(21 missing values generated)
(26 missing values generated)
(0 real changes made)
(26 missing values generated)
(11 missing values generated)
(0 real changes made)
(11 missing values generated)
(21 missing values generated)
(0 real changes made)
(21 missing values generated)
(21 missing values generated)
(0 real changes made)
(21 missing values generated)
(24 missing values generated)
(0 real changes made)
(24 missing values generated)
(50 missing values generated)
(0 real changes made)
(50 missing values generated)
(43 missing values generated)
(0 real changes made)
(43 missing values generated)
(47 missing values generated)
(0 real changes made)
(47 missing values generated)
file /Users/macbook/Desktop/18-19 Thesis/Data Processing/1998/02 RealConversion/convertedD
> ata/46 part time.dta saved

. 
. exit

end of do-file


. do "/var/folders/sy/4d9t8khs1jn_xflrv2wvq20c0000gn/T//SD00792.000000"

. cd "/Users/macbook/Desktop/18-19 Thesis/Data Processing/1997/02 RealConversion"
/Users/macbook/Desktop/18-19 Thesis/Data Processing/1997/02 RealConversion

. 
. capture log close
