------------------------------------------------------------------------------------------
      name:  <unnamed>
       log:  /Users/macbook/Desktop/18-19 Thesis/Data Processing/1997/02 RealConversion/co
> nvertData.log
  log type:  text
 opened on:  22 Mar 2019, 19:02:15

. 
. version 15

. 
. local pathName "/Users/macbook/Desktop/18-19 Thesis/fromBefore/theData/1997/"

. local editedPath "/Users/macbook/Desktop/18-19 Thesis/Data Processing/1997/01 DescribeDa
> ta/"

. local savePath "/Users/macbook/Desktop/18-19 Thesis/Data Processing/1997/02 RealConversi
> on/convertedData/"

. 
. local fileList "01 CEO" ///
>                 "02 General Counsel" ///
>                 "03 Top Real Estate" ///
>                 "04 Regional Real Estate" ///
>                 "05 Top Store Plan_Construct" ///
>                 "06 Regional Store Construct" ///
>                 "07 CFO" ///
>                 "08 Controller" ///
>                 "09 Treasurer" ///
>                 "10 Top Internal Auditor" ///
>                 "11 General Merchandise Mgr" ///
>                 "12 Div Merchandise Mgr" ///
>                 "13 Sr Buyer" ///
>                 "14 Buyer" ///
>                 "15 Assistant Buyer" ///
>                 "16 Top Planner" ///
>                 "17 Sr Planner" ///
>                 "18 Planner" ///
>                 "19 Distributor" ///
>                 "20 Top Import Coordinator" ///
>                 "21 Product Coordinator" ///
>                 "22 Top Mktg_Sales Promo" ///
>                 "23 Art Department" ///
>                 "24 Top Visual" ///
>                 "25 Regl Visual Merchandiser" ///
>                 "26 Top Systems_Data Procg" ///
>                 "27 Systems Programming" ///
>                 "28 Computer Operations" ///
>                 "29 Point Of Sale Admin" ///
>                 "30 Top Human Resources" ///
>                 "31 Comp_Benefits Mgr" ///
>                 "32 Top Loss Prevention" ///
>                 "33 Regional Loss Prevention" ///
>                 "34 Top DC _ Logistics" ///
>                 "35 DC Manager" ///
>                 "36 Domestic Traffic" ///
>                 "37 Top Store Operations" ///
>                 "38 Zone Manager" ///
>                 "39 Regional Manager" ///
>                 "40A District Manager" ///
>                 "40B District Manager" ///
>                 "41 Area Manager" ///
>                 "42A Store Manager" ///
>                 "42B Store Manager" ///
>                 "43A Assistant Store Manager" ///
>                 "43B Assistant Store Manager" ///
>                 "44A Third Key" ///
>                 "44B Third Key" ///
>                 "45 Full Time" ///
>                 "46 Part Time" 

.                 
.                 
. local editedFiles "14 Buyer", "39 Regional Manager", "40A District Manager", "41 Area Ma
> nager", "42A Store Manager", "43A Assistant Store Manager", "44A Third Key"     

.         
. /* the following files don't have base, bonus, total
> "05 Top Store Plan_Construct" ///
>                 "22 Top Mktg_Sales Promo" ///
>                 "40B District Manager" ///
>                 "42B Store Manager" ///
>                 "43B Assistant Store Manager" ///
>                 "44B Third Key" ///
> */
. /*
> local varList "base"    ///
>                         "bonus"         ///
>                         "total"
> */
.         
. drop _all

. 
. 
. foreach fileName in "`fileList'" {
  2.         if inlist("`fileName'", "`editedFiles'")        {
  3.                 use "`editedPath'`fileName'.dta", clear 
  4.                 quietly describe *base* *bonus* *total*, varlist
  5.                 local varList = r(varlist)
  6.         }
  7.         else    {
  8.                 import delimited using "`pathName'`fileName'.txt",  clear // names
  9.                 quietly describe *base *bonus *total, varlist
 10.                 local varList = r(varlist)
 11.         }
 12.         
.         
.         // replace $ in each variable that ends with base
.         foreach varName of varlist `varList'    {
 13.                 
.                 // check if varName is of type string
.                 local vartype: type `varName'
 14.                 
.                 if substr("`vartype'",1,3)=="str"       {
 15.                         gen `varName'Num = subinstr(`varName', "$", "", .)
 16.                         replace `varName'Num = subinstr(`varName'Num, ",", "", .)
 17.                         drop `varName'
 18.                         
.                         // replace string with real
.                         gen `varName' = real(`varName'Num)
 19.                         drop `varName'Num
 20.                 }
 21.         }
 22.         
.         save "`savePath'`fileName'.dta", replace 
 23. }
(9 vars, 46 obs)
file /Users/macbook/Desktop/18-19 Thesis/Data Processing/1997/02 RealConversion/convertedD
> ata/01 CEO.dta saved
(10 vars, 31 obs)
(31 real changes made)
(6 missing values generated)
(17 real changes made)
(6 missing values generated)
(31 real changes made)
file /Users/macbook/Desktop/18-19 Thesis/Data Processing/1997/02 RealConversion/convertedD
> ata/02 General Counsel.dta saved
(10 vars, 36 obs)
(36 real changes made)
(7 missing values generated)
(19 real changes made)
(7 missing values generated)
(36 real changes made)
file /Users/macbook/Desktop/18-19 Thesis/Data Processing/1997/02 RealConversion/convertedD
> ata/03 Top Real Estate.dta saved
(8 vars, 25 obs)
(25 real changes made)
(1 missing value generated)
(16 real changes made)
(1 missing value generated)
(25 real changes made)
file /Users/macbook/Desktop/18-19 Thesis/Data Processing/1997/02 RealConversion/convertedD
> ata/04 Regional Real Estate.dta saved
(30 vars, 42 obs)
(9 missing values generated)
(33 real changes made)
(9 missing values generated)
(28 missing values generated)
(14 real changes made)
(28 missing values generated)
(37 missing values generated)
(5 real changes made)
(37 missing values generated)
(27 missing values generated)
(15 real changes made)
(27 missing values generated)
(14 missing values generated)
(22 real changes made)
(14 missing values generated)
(34 missing values generated)
(5 real changes made)
(34 missing values generated)
(38 missing values generated)
(2 real changes made)
(38 missing values generated)
(34 missing values generated)
(5 real changes made)
(34 missing values generated)
(9 missing values generated)
(33 real changes made)
(9 missing values generated)
(28 missing values generated)
(14 real changes made)
(28 missing values generated)
(37 missing values generated)
(5 real changes made)
(37 missing values generated)
(27 missing values generated)
(15 real changes made)
(27 missing values generated)
file /Users/macbook/Desktop/18-19 Thesis/Data Processing/1997/02 RealConversion/convertedD
> ata/05 Top Store Plan_Construct.dta saved
(8 vars, 24 obs)
(24 real changes made)
(8 missing values generated)
(10 real changes made)
(8 missing values generated)
(24 real changes made)
file /Users/macbook/Desktop/18-19 Thesis/Data Processing/1997/02 RealConversion/convertedD
> ata/06 Regional Store Construct.dta saved
(10 vars, 42 obs)
(42 real changes made)
(9 missing values generated)
(23 real changes made)
(9 missing values generated)
(42 real changes made)
file /Users/macbook/Desktop/18-19 Thesis/Data Processing/1997/02 RealConversion/convertedD
> ata/07 CFO.dta saved
(9 vars, 47 obs)
(47 real changes made)
(9 missing values generated)
(26 real changes made)
(9 missing values generated)
(47 real changes made)
file /Users/macbook/Desktop/18-19 Thesis/Data Processing/1997/02 RealConversion/convertedD
> ata/08 Controller.dta saved
(9 vars, 21 obs)
(21 real changes made)
(5 missing values generated)
(11 real changes made)
(5 missing values generated)
(21 real changes made)
file /Users/macbook/Desktop/18-19 Thesis/Data Processing/1997/02 RealConversion/convertedD
> ata/09 Treasurer.dta saved
(8 vars, 13 obs)
(13 real changes made)
(3 missing values generated)
(6 real changes made)
(3 missing values generated)
(13 real changes made)
file /Users/macbook/Desktop/18-19 Thesis/Data Processing/1997/02 RealConversion/convertedD
> ata/10 Top Internal Auditor.dta saved
(10 vars, 41 obs)
file /Users/macbook/Desktop/18-19 Thesis/Data Processing/1997/02 RealConversion/convertedD
> ata/11 General Merchandise Mgr.dta saved
(10 vars, 39 obs)
(39 real changes made)
(4 missing values generated)
(21 real changes made)
(4 missing values generated)
(39 real changes made)
file /Users/macbook/Desktop/18-19 Thesis/Data Processing/1997/02 RealConversion/convertedD
> ata/12 Div Merchandise Mgr.dta saved
(9 vars, 18 obs)
(18 real changes made)
(2 missing values generated)
(14 real changes made)
(2 missing values generated)
(18 real changes made)
file /Users/macbook/Desktop/18-19 Thesis/Data Processing/1997/02 RealConversion/convertedD
> ata/13 Sr Buyer.dta saved
(44 missing values generated)
(6 real changes made)
(44 missing values generated)
(42 missing values generated)
(8 real changes made)
(42 missing values generated)
(40 missing values generated)
(10 real changes made)
(40 missing values generated)
(33 missing values generated)
(17 real changes made)
(33 missing values generated)
(28 missing values generated)
(22 real changes made)
(28 missing values generated)
(32 missing values generated)
(18 real changes made)
(32 missing values generated)
(36 missing values generated)
(14 real changes made)
(36 missing values generated)
(28 missing values generated)
(22 real changes made)
(28 missing values generated)
(50 real changes made)
(45 missing values generated)
(3 real changes made)
(45 missing values generated)
(44 missing values generated)
(4 real changes made)
(44 missing values generated)
(43 missing values generated)
(4 real changes made)
(43 missing values generated)
(38 missing values generated)
(7 real changes made)
(38 missing values generated)
(31 missing values generated)
(11 real changes made)
(31 missing values generated)
(35 missing values generated)
(13 real changes made)
(35 missing values generated)
(38 missing values generated)
(8 real changes made)
(38 missing values generated)
(49 missing values generated)
(0 real changes made)
(50 missing values generated)
(32 missing values generated)
(12 real changes made)
(32 missing values generated)
(49 missing values generated)
(0 real changes made)
(50 missing values generated)
(8 missing values generated)
(28 real changes made)
(8 missing values generated)
(44 missing values generated)
(6 real changes made)
(44 missing values generated)
(42 missing values generated)
(8 real changes made)
(42 missing values generated)
(40 missing values generated)
(10 real changes made)
(40 missing values generated)
(33 missing values generated)
(17 real changes made)
(33 missing values generated)
(28 missing values generated)
(22 real changes made)
(28 missing values generated)
(32 missing values generated)
(18 real changes made)
(32 missing values generated)
(36 missing values generated)
(14 real changes made)
(36 missing values generated)
(28 missing values generated)
(22 real changes made)
(28 missing values generated)
(50 real changes made)
file /Users/macbook/Desktop/18-19 Thesis/Data Processing/1997/02 RealConversion/convertedD
> ata/14 Buyer.dta saved
(9 vars, 42 obs)
(42 real changes made)
(27 missing values generated)
(15 real changes made)
(27 missing values generated)
(27 missing values generated)
(7 real changes made)
(27 missing values generated)
(42 real changes made)
file /Users/macbook/Desktop/18-19 Thesis/Data Processing/1997/02 RealConversion/convertedD
> ata/15 Assistant Buyer.dta saved
(10 vars, 45 obs)
file /Users/macbook/Desktop/18-19 Thesis/Data Processing/1997/02 RealConversion/convertedD
> ata/16 Top Planner.dta saved
(11 vars, 31 obs)
(31 real changes made)
(8 missing values generated)
(12 real changes made)
(8 missing values generated)
(31 real changes made)
file /Users/macbook/Desktop/18-19 Thesis/Data Processing/1997/02 RealConversion/convertedD
> ata/17 Sr Planner.dta saved
(9 vars, 38 obs)
(38 real changes made)
(13 missing values generated)
(13 real changes made)
(13 missing values generated)
(38 real changes made)
file /Users/macbook/Desktop/18-19 Thesis/Data Processing/1997/02 RealConversion/convertedD
> ata/18 Planner.dta saved
(6 vars, 39 obs)
(39 real changes made)
(27 missing values generated)
(6 real changes made)
(27 missing values generated)
(39 real changes made)
file /Users/macbook/Desktop/18-19 Thesis/Data Processing/1997/02 RealConversion/convertedD
> ata/19 Distributor.dta saved
(10 vars, 18 obs)
(18 real changes made)
(4 missing values generated)
(9 real changes made)
(4 missing values generated)
(18 real changes made)
file /Users/macbook/Desktop/18-19 Thesis/Data Processing/1997/02 RealConversion/convertedD
> ata/20 Top Import Coordinator.dta saved
(7 vars, 10 obs)
(10 real changes made)
(5 missing values generated)
(2 real changes made)
(5 missing values generated)
(10 real changes made)
file /Users/macbook/Desktop/18-19 Thesis/Data Processing/1997/02 RealConversion/convertedD
> ata/21 Product Coordinator.dta saved
(38 vars, 40 obs)
(20 missing values generated)
(20 real changes made)
(20 missing values generated)
(30 missing values generated)
(10 real changes made)
(30 missing values generated)
(32 missing values generated)
(8 real changes made)
(32 missing values generated)
(35 missing values generated)
(5 real changes made)
(35 missing values generated)
(32 missing values generated)
(8 real changes made)
(32 missing values generated)
(23 missing values generated)
(12 real changes made)
(23 missing values generated)
(30 missing values generated)
(7 real changes made)
(30 missing values generated)
(34 missing values generated)
(4 real changes made)
(34 missing values generated)
(36 missing values generated)
(1 real change made)
(36 missing values generated)
(33 missing values generated)
(5 real changes made)
(33 missing values generated)
(20 missing values generated)
(20 real changes made)
(20 missing values generated)
(30 missing values generated)
(10 real changes made)
(30 missing values generated)
(32 missing values generated)
(8 real changes made)
(32 missing values generated)
(35 missing values generated)
(5 real changes made)
(35 missing values generated)
(32 missing values generated)
(8 real changes made)
(32 missing values generated)
file /Users/macbook/Desktop/18-19 Thesis/Data Processing/1997/02 RealConversion/convertedD
> ata/22 Top Mktg_Sales Promo.dta saved
(9 vars, 24 obs)
(24 real changes made)
(12 missing values generated)
(8 real changes made)
(12 missing values generated)
(24 real changes made)
file /Users/macbook/Desktop/18-19 Thesis/Data Processing/1997/02 RealConversion/convertedD
> ata/23 Art Department.dta saved
(9 vars, 39 obs)
file /Users/macbook/Desktop/18-19 Thesis/Data Processing/1997/02 RealConversion/convertedD
> ata/24 Top Visual.dta saved
(92 vars, 13 obs)
(11 missing values generated)
(2 real changes made)
(11 missing values generated)
(11 missing values generated)
(2 real changes made)
(11 missing values generated)
(12 missing values generated)
(1 real change made)
(12 missing values generated)
(11 missing values generated)
(2 real changes made)
(11 missing values generated)
(11 missing values generated)
(2 real changes made)
(11 missing values generated)
(10 missing values generated)
(3 real changes made)
(10 missing values generated)
(12 missing values generated)
(1 real change made)
(12 missing values generated)
(12 missing values generated)
(1 real change made)
(12 missing values generated)
(8 missing values generated)
(5 real changes made)
(8 missing values generated)
(11 missing values generated)
(2 real changes made)
(11 missing values generated)
(11 missing values generated)
(2 real changes made)
(11 missing values generated)
(13 real changes made)
(12 missing values generated)
(0 real changes made)
(12 missing values generated)
(12 missing values generated)
(0 real changes made)
(12 missing values generated)
(11 missing values generated)
(0 real changes made)
(11 missing values generated)
(12 missing values generated)
(0 real changes made)
(12 missing values generated)
(12 missing values generated)
(0 real changes made)
(12 missing values generated)
(12 missing values generated)
(0 real changes made)
(12 missing values generated)
(11 missing values generated)
(1 real change made)
(11 missing values generated)
(11 missing values generated)
(1 real change made)
(11 missing values generated)
(12 missing values generated)
(0 real changes made)
(12 missing values generated)
(7 missing values generated)
(2 real changes made)
(7 missing values generated)
(11 missing values generated)
(2 real changes made)
(11 missing values generated)
(11 missing values generated)
(2 real changes made)
(11 missing values generated)
(12 missing values generated)
(1 real change made)
(12 missing values generated)
(11 missing values generated)
(2 real changes made)
(11 missing values generated)
(11 missing values generated)
(2 real changes made)
(11 missing values generated)
(10 missing values generated)
(3 real changes made)
(10 missing values generated)
(12 missing values generated)
(1 real change made)
(12 missing values generated)
(12 missing values generated)
(1 real change made)
(12 missing values generated)
(8 missing values generated)
(5 real changes made)
(8 missing values generated)
(11 missing values generated)
(2 real changes made)
(11 missing values generated)
(11 missing values generated)
(2 real changes made)
(11 missing values generated)
(13 real changes made)
file /Users/macbook/Desktop/18-19 Thesis/Data Processing/1997/02 RealConversion/convertedD
> ata/25 Regl Visual Merchandiser.dta saved
(9 vars, 44 obs)
(44 real changes made)
(7 missing values generated)
(25 real changes made)
(7 missing values generated)
(44 real changes made)
file /Users/macbook/Desktop/18-19 Thesis/Data Processing/1997/02 RealConversion/convertedD
> ata/26 Top Systems_Data Procg.dta saved
(9 vars, 37 obs)
(37 real changes made)
(7 missing values generated)
(21 real changes made)
(7 missing values generated)
(37 real changes made)
file /Users/macbook/Desktop/18-19 Thesis/Data Processing/1997/02 RealConversion/convertedD
> ata/27 Systems Programming.dta saved
(10 vars, 38 obs)
(38 real changes made)
(14 missing values generated)
(14 real changes made)
(14 missing values generated)
(38 real changes made)
file /Users/macbook/Desktop/18-19 Thesis/Data Processing/1997/02 RealConversion/convertedD
> ata/28 Computer Operations.dta saved
(6 vars, 30 obs)
(30 real changes made)
(16 missing values generated)
(8 real changes made)
(16 missing values generated)
(30 real changes made)
file /Users/macbook/Desktop/18-19 Thesis/Data Processing/1997/02 RealConversion/convertedD
> ata/29 Point Of Sale Admin.dta saved
(10 vars, 46 obs)
file /Users/macbook/Desktop/18-19 Thesis/Data Processing/1997/02 RealConversion/convertedD
> ata/30 Top Human Resources.dta saved
(22 vars, 37 obs)
(17 missing values generated)
(20 real changes made)
(17 missing values generated)
(21 missing values generated)
(16 real changes made)
(21 missing values generated)
(29 missing values generated)
(8 real changes made)
(29 missing values generated)
(24 missing values generated)
(9 real changes made)
(24 missing values generated)
(25 missing values generated)
(5 real changes made)
(25 missing values generated)
(30 missing values generated)
(5 real changes made)
(30 missing values generated)
(17 missing values generated)
(20 real changes made)
(17 missing values generated)
(21 missing values generated)
(16 real changes made)
(21 missing values generated)
(29 missing values generated)
(8 real changes made)
(29 missing values generated)
file /Users/macbook/Desktop/18-19 Thesis/Data Processing/1997/02 RealConversion/convertedD
> ata/31 Comp_Benefits Mgr.dta saved
(9 vars, 45 obs)
(45 real changes made)
(6 missing values generated)
(27 real changes made)
(6 missing values generated)
(45 real changes made)
file /Users/macbook/Desktop/18-19 Thesis/Data Processing/1997/02 RealConversion/convertedD
> ata/32 Top Loss Prevention.dta saved
(91 vars, 24 obs)
(21 missing values generated)
(3 real changes made)
(21 missing values generated)
(23 missing values generated)
(1 real change made)
(23 missing values generated)
(23 missing values generated)
(1 real change made)
(23 missing values generated)
(19 missing values generated)
(5 real changes made)
(19 missing values generated)
(21 missing values generated)
(3 real changes made)
(21 missing values generated)
(21 missing values generated)
(3 real changes made)
(21 missing values generated)
(18 missing values generated)
(6 real changes made)
(18 missing values generated)
(13 missing values generated)
(11 real changes made)
(13 missing values generated)
(21 missing values generated)
(3 real changes made)
(21 missing values generated)
(22 missing values generated)
(2 real changes made)
(22 missing values generated)
(11 missing values generated)
(13 real changes made)
(11 missing values generated)
(12 missing values generated)
(12 real changes made)
(12 missing values generated)
(21 missing values generated)
(3 real changes made)
(21 missing values generated)
(24 real changes made)
(22 missing values generated)
(0 real changes made)
(22 missing values generated)
(23 missing values generated)
(1 real change made)
(23 missing values generated)
(22 missing values generated)
(1 real change made)
(22 missing values generated)
(23 missing values generated)
(1 real change made)
(23 missing values generated)
(22 missing values generated)
(1 real change made)
(22 missing values generated)
(20 missing values generated)
(2 real changes made)
(20 missing values generated)
(18 missing values generated)
(2 real changes made)
(18 missing values generated)
(21 missing values generated)
(1 real change made)
(21 missing values generated)
(23 missing values generated)
(0 real changes made)
(23 missing values generated)
(16 missing values generated)
(3 real changes made)
(16 missing values generated)
(15 missing values generated)
(4 real changes made)
(15 missing values generated)
(23 missing values generated)
(1 real change made)
(23 missing values generated)
(11 missing values generated)
(6 real changes made)
(11 missing values generated)
(21 missing values generated)
(3 real changes made)
(21 missing values generated)
(23 missing values generated)
(1 real change made)
(23 missing values generated)
(23 missing values generated)
(1 real change made)
(23 missing values generated)
(19 missing values generated)
(5 real changes made)
(19 missing values generated)
(21 missing values generated)
(3 real changes made)
(21 missing values generated)
(21 missing values generated)
(3 real changes made)
(21 missing values generated)
(18 missing values generated)
(6 real changes made)
(18 missing values generated)
(13 missing values generated)
(11 real changes made)
(13 missing values generated)
(21 missing values generated)
(3 real changes made)
(21 missing values generated)
(22 missing values generated)
(2 real changes made)
(22 missing values generated)
(11 missing values generated)
(13 real changes made)
(11 missing values generated)
(12 missing values generated)
(12 real changes made)
(12 missing values generated)
(21 missing values generated)
(3 real changes made)
(21 missing values generated)
(24 real changes made)
file /Users/macbook/Desktop/18-19 Thesis/Data Processing/1997/02 RealConversion/convertedD
> ata/33 Regional Loss Prevention.dta saved
(14 vars, 43 obs)
(43 real changes made)
(6 missing values generated)
(25 real changes made)
(6 missing values generated)
(43 real changes made)
file /Users/macbook/Desktop/18-19 Thesis/Data Processing/1997/02 RealConversion/convertedD
> ata/34 Top DC _ Logistics.dta saved
(9 vars, 23 obs)
(23 real changes made)
(3 missing values generated)
(16 real changes made)
(3 missing values generated)
(23 real changes made)
file /Users/macbook/Desktop/18-19 Thesis/Data Processing/1997/02 RealConversion/convertedD
> ata/35 DC Manager.dta saved
(11 vars, 32 obs)
(32 real changes made)
(14 missing values generated)
(10 real changes made)
(14 missing values generated)
(32 real changes made)
file /Users/macbook/Desktop/18-19 Thesis/Data Processing/1997/02 RealConversion/convertedD
> ata/36 Domestic Traffic.dta saved
(10 vars, 43 obs)
file /Users/macbook/Desktop/18-19 Thesis/Data Processing/1997/02 RealConversion/convertedD
> ata/37 Top Store Operations.dta saved
(8 vars, 10 obs)
(10 real changes made)
(8 real changes made)
(10 real changes made)
file /Users/macbook/Desktop/18-19 Thesis/Data Processing/1997/02 RealConversion/convertedD
> ata/38 Zone Manager.dta saved
(40 missing values generated)
(7 real changes made)
(40 missing values generated)
(26 missing values generated)
(21 real changes made)
(26 missing values generated)
(28 missing values generated)
(19 real changes made)
(28 missing values generated)
(29 missing values generated)
(18 real changes made)
(29 missing values generated)
(31 missing values generated)
(16 real changes made)
(31 missing values generated)
(42 missing values generated)
(5 real changes made)
(42 missing values generated)
(47 real changes made)
(41 missing values generated)
(4 real changes made)
(41 missing values generated)
(45 missing values generated)
(0 real changes made)
(47 missing values generated)
(29 missing values generated)
(13 real changes made)
(29 missing values generated)
(45 missing values generated)
(0 real changes made)
(47 missing values generated)
(30 missing values generated)
(12 real changes made)
(30 missing values generated)
(44 missing values generated)
(0 real changes made)
(47 missing values generated)
(32 missing values generated)
(12 real changes made)
(32 missing values generated)
(45 missing values generated)
(0 real changes made)
(47 missing values generated)
(32 missing values generated)
(12 real changes made)
(32 missing values generated)
(45 missing values generated)
(0 real changes made)
(47 missing values generated)
(42 missing values generated)
(4 real changes made)
(42 missing values generated)
(41 missing values generated)
(0 real changes made)
(47 missing values generated)
(5 missing values generated)
(32 real changes made)
(5 missing values generated)
(40 missing values generated)
(7 real changes made)
(40 missing values generated)
(26 missing values generated)
(21 real changes made)
(26 missing values generated)
(28 missing values generated)
(19 real changes made)
(28 missing values generated)
(29 missing values generated)
(18 real changes made)
(29 missing values generated)
(31 missing values generated)
(16 real changes made)
(31 missing values generated)
(42 missing values generated)
(5 real changes made)
(42 missing values generated)
(47 real changes made)
file /Users/macbook/Desktop/18-19 Thesis/Data Processing/1997/02 RealConversion/convertedD
> ata/39 Regional Manager.dta saved
(49 missing values generated)
(0 real changes made)
(53 missing values generated)
(46 missing values generated)
(0 real changes made)
(53 missing values generated)
(45 missing values generated)
(0 real changes made)
(53 missing values generated)
(47 missing values generated)
(0 real changes made)
(53 missing values generated)
(50 missing values generated)
(0 real changes made)
(53 missing values generated)
(51 missing values generated)
(0 real changes made)
(53 missing values generated)
(51 missing values generated)
(0 real changes made)
(53 missing values generated)
(45 missing values generated)
(0 real changes made)
(53 missing values generated)
file /Users/macbook/Desktop/18-19 Thesis/Data Processing/1997/02 RealConversion/convertedD
> ata/40A District Manager.dta saved
(86 vars, 44 obs)
(9 missing values generated)
(35 real changes made)
(9 missing values generated)
(18 missing values generated)
(26 real changes made)
(18 missing values generated)
(24 missing values generated)
(20 real changes made)
(24 missing values generated)
(12 missing values generated)
(32 real changes made)
(12 missing values generated)
(25 missing values generated)
(19 real changes made)
(25 missing values generated)
(12 missing values generated)
(32 real changes made)
(12 missing values generated)
(11 missing values generated)
(33 real changes made)
(11 missing values generated)
(13 missing values generated)
(31 real changes made)
(13 missing values generated)
(17 missing values generated)
(27 real changes made)
(17 missing values generated)
(19 missing values generated)
(25 real changes made)
(19 missing values generated)
(5 missing values generated)
(39 real changes made)
(5 missing values generated)
(14 missing values generated)
(30 real changes made)
(14 missing values generated)
(17 missing values generated)
(27 real changes made)
(17 missing values generated)
(22 missing values generated)
(22 real changes made)
(22 missing values generated)
(39 missing values generated)
(5 real changes made)
(39 missing values generated)
(40 missing values generated)
(4 real changes made)
(40 missing values generated)
(35 missing values generated)
(8 real changes made)
(35 missing values generated)
(17 missing values generated)
(22 real changes made)
(17 missing values generated)
(21 missing values generated)
(18 real changes made)
(21 missing values generated)
(26 missing values generated)
(14 real changes made)
(26 missing values generated)
(17 missing values generated)
(23 real changes made)
(17 missing values generated)
(27 missing values generated)
(13 real changes made)
(27 missing values generated)
(17 missing values generated)
(23 real changes made)
(17 missing values generated)
(16 missing values generated)
(22 real changes made)
(16 missing values generated)
(17 missing values generated)
(18 real changes made)
(17 missing values generated)
(25 missing values generated)
(16 real changes made)
(25 missing values generated)
(22 missing values generated)
(20 real changes made)
(22 missing values generated)
(14 missing values generated)
(25 real changes made)
(14 missing values generated)
(19 missing values generated)
(20 real changes made)
(19 missing values generated)
(20 missing values generated)
(21 real changes made)
(20 missing values generated)
(27 missing values generated)
(16 real changes made)
(27 missing values generated)
(39 missing values generated)
(4 real changes made)
(39 missing values generated)
(40 missing values generated)
(4 real changes made)
(40 missing values generated)
(38 missing values generated)
(4 real changes made)
(38 missing values generated)
(9 missing values generated)
(35 real changes made)
(9 missing values generated)
(18 missing values generated)
(26 real changes made)
(18 missing values generated)
(24 missing values generated)
(20 real changes made)
(24 missing values generated)
(12 missing values generated)
(32 real changes made)
(12 missing values generated)
(25 missing values generated)
(19 real changes made)
(25 missing values generated)
(12 missing values generated)
(32 real changes made)
(12 missing values generated)
(11 missing values generated)
(33 real changes made)
(11 missing values generated)
(13 missing values generated)
(31 real changes made)
(13 missing values generated)
(17 missing values generated)
(27 real changes made)
(17 missing values generated)
(19 missing values generated)
(25 real changes made)
(19 missing values generated)
(5 missing values generated)
(39 real changes made)
(5 missing values generated)
(14 missing values generated)
(30 real changes made)
(14 missing values generated)
(17 missing values generated)
(27 real changes made)
(17 missing values generated)
(22 missing values generated)
(22 real changes made)
(22 missing values generated)
(39 missing values generated)
(5 real changes made)
(39 missing values generated)
(40 missing values generated)
(4 real changes made)
(40 missing values generated)
(36 missing values generated)
(8 real changes made)
(36 missing values generated)
file /Users/macbook/Desktop/18-19 Thesis/Data Processing/1997/02 RealConversion/convertedD
> ata/40B District Manager.dta saved
(9 missing values generated)
(10 real changes made)
(9 missing values generated)
(10 missing values generated)
(9 real changes made)
(10 missing values generated)
(15 missing values generated)
(4 real changes made)
(15 missing values generated)
(19 real changes made)
(14 missing values generated)
(5 real changes made)
(14 missing values generated)
(17 missing values generated)
(2 real changes made)
(17 missing values generated)
(15 missing values generated)
(4 real changes made)
(15 missing values generated)
(14 missing values generated)
(5 real changes made)
(14 missing values generated)
(17 missing values generated)
(2 real changes made)
(17 missing values generated)
(17 missing values generated)
(2 real changes made)
(17 missing values generated)
(15 missing values generated)
(4 real changes made)
(15 missing values generated)
(14 missing values generated)
(5 real changes made)
(14 missing values generated)
(14 missing values generated)
(5 real changes made)
(14 missing values generated)
(17 missing values generated)
(2 real changes made)
(17 missing values generated)
(16 missing values generated)
(3 real changes made)
(16 missing values generated)
(15 missing values generated)
(4 real changes made)
(15 missing values generated)
(14 missing values generated)
(5 real changes made)
(14 missing values generated)
(17 missing values generated)
(2 real changes made)
(17 missing values generated)
(18 missing values generated)
(1 real change made)
(18 missing values generated)
(18 missing values generated)
(1 real change made)
(18 missing values generated)
(18 missing values generated)
(0 real changes made)
(19 missing values generated)
(11 missing values generated)
(4 real changes made)
(11 missing values generated)
(18 missing values generated)
(0 real changes made)
(19 missing values generated)
(12 missing values generated)
(6 real changes made)
(12 missing values generated)
(17 missing values generated)
(0 real changes made)
(19 missing values generated)
(16 missing values generated)
(2 real changes made)
(16 missing values generated)
(15 missing values generated)
(0 real changes made)
(19 missing values generated)
(5 missing values generated)
(10 real changes made)
(5 missing values generated)
(15 missing values generated)
(3 real changes made)
(15 missing values generated)
(17 missing values generated)
(1 real change made)
(17 missing values generated)
(16 missing values generated)
(1 real change made)
(16 missing values generated)
(15 missing values generated)
(2 real changes made)
(15 missing values generated)
(18 missing values generated)
(1 real change made)
(18 missing values generated)
(17 missing values generated)
(2 real changes made)
(17 missing values generated)
(17 missing values generated)
(2 real changes made)
(17 missing values generated)
(15 missing values generated)
(3 real changes made)
(15 missing values generated)
(15 missing values generated)
(1 real change made)
(15 missing values generated)
(17 missing values generated)
(2 real changes made)
(17 missing values generated)
(16 missing values generated)
(1 real change made)
(16 missing values generated)
(15 missing values generated)
(1 real change made)
(15 missing values generated)
(18 missing values generated)
(0 real changes made)
(18 missing values generated)
(18 missing values generated)
(1 real change made)
(18 missing values generated)
(18 missing values generated)
(0 real changes made)
(18 missing values generated)
(9 missing values generated)
(10 real changes made)
(9 missing values generated)
(10 missing values generated)
(9 real changes made)
(10 missing values generated)
(15 missing values generated)
(4 real changes made)
(15 missing values generated)
(19 real changes made)
(14 missing values generated)
(5 real changes made)
(14 missing values generated)
(17 missing values generated)
(2 real changes made)
(17 missing values generated)
(15 missing values generated)
(4 real changes made)
(15 missing values generated)
(14 missing values generated)
(5 real changes made)
(14 missing values generated)
(17 missing values generated)
(2 real changes made)
(17 missing values generated)
(17 missing values generated)
(2 real changes made)
(17 missing values generated)
(15 missing values generated)
(4 real changes made)
(15 missing values generated)
(14 missing values generated)
(5 real changes made)
(14 missing values generated)
(14 missing values generated)
(5 real changes made)
(14 missing values generated)
(17 missing values generated)
(2 real changes made)
(17 missing values generated)
(16 missing values generated)
(3 real changes made)
(16 missing values generated)
(15 missing values generated)
(4 real changes made)
(15 missing values generated)
(14 missing values generated)
(5 real changes made)
(14 missing values generated)
(17 missing values generated)
(2 real changes made)
(17 missing values generated)
(18 missing values generated)
(1 real change made)
(18 missing values generated)
(18 missing values generated)
(1 real change made)
(18 missing values generated)
file /Users/macbook/Desktop/18-19 Thesis/Data Processing/1997/02 RealConversion/convertedD
> ata/41 Area Manager.dta saved
(44 missing values generated)
(0 real changes made)
(55 missing values generated)
(42 missing values generated)
(0 real changes made)
(55 missing values generated)
(43 missing values generated)
(0 real changes made)
(55 missing values generated)
(44 missing values generated)
(0 real changes made)
(55 missing values generated)
(50 missing values generated)
(0 real changes made)
(55 missing values generated)
(51 missing values generated)
(0 real changes made)
(55 missing values generated)
(52 missing values generated)
(0 real changes made)
(55 missing values generated)
(41 missing values generated)
(0 real changes made)
(55 missing values generated)
file /Users/macbook/Desktop/18-19 Thesis/Data Processing/1997/02 RealConversion/convertedD
> ata/42A Store Manager.dta saved
(87 vars, 51 obs)
(7 missing values generated)
(44 real changes made)
(7 missing values generated)
(19 missing values generated)
(32 real changes made)
(19 missing values generated)
(18 missing values generated)
(33 real changes made)
(18 missing values generated)
(8 missing values generated)
(43 real changes made)
(8 missing values generated)
(16 missing values generated)
(35 real changes made)
(16 missing values generated)
(11 missing values generated)
(40 real changes made)
(11 missing values generated)
(14 missing values generated)
(37 real changes made)
(14 missing values generated)
(12 missing values generated)
(39 real changes made)
(12 missing values generated)
(15 missing values generated)
(36 real changes made)
(15 missing values generated)
(17 missing values generated)
(34 real changes made)
(17 missing values generated)
(7 missing values generated)
(44 real changes made)
(7 missing values generated)
(14 missing values generated)
(37 real changes made)
(14 missing values generated)
(14 missing values generated)
(37 real changes made)
(14 missing values generated)
(23 missing values generated)
(28 real changes made)
(23 missing values generated)
(47 missing values generated)
(4 real changes made)
(47 missing values generated)
(37 missing values generated)
(14 real changes made)
(37 missing values generated)
(39 missing values generated)
(12 real changes made)
(39 missing values generated)
(13 missing values generated)
(22 real changes made)
(13 missing values generated)
(22 missing values generated)
(14 real changes made)
(22 missing values generated)
(22 missing values generated)
(17 real changes made)
(22 missing values generated)
(15 missing values generated)
(22 real changes made)
(15 missing values generated)
(21 missing values generated)
(16 real changes made)
(21 missing values generated)
(17 missing values generated)
(17 real changes made)
(17 missing values generated)
(19 missing values generated)
(19 real changes made)
(19 missing values generated)
(17 missing values generated)
(20 real changes made)
(17 missing values generated)
(19 missing values generated)
(13 real changes made)
(19 missing values generated)
(22 missing values generated)
(15 real changes made)
(22 missing values generated)
(13 missing values generated)
(23 real changes made)
(13 missing values generated)
(19 missing values generated)
(15 real changes made)
(19 missing values generated)
(17 missing values generated)
(19 real changes made)
(17 missing values generated)
(28 missing values generated)
(14 real changes made)
(28 missing values generated)
(47 missing values generated)
(1 real change made)
(47 missing values generated)
(38 missing values generated)
(8 real changes made)
(38 missing values generated)
(41 missing values generated)
(6 real changes made)
(41 missing values generated)
(7 missing values generated)
(44 real changes made)
(7 missing values generated)
(19 missing values generated)
(32 real changes made)
(19 missing values generated)
(18 missing values generated)
(33 real changes made)
(18 missing values generated)
(8 missing values generated)
(43 real changes made)
(8 missing values generated)
(16 missing values generated)
(35 real changes made)
(16 missing values generated)
(11 missing values generated)
(40 real changes made)
(11 missing values generated)
(14 missing values generated)
(37 real changes made)
(14 missing values generated)
(12 missing values generated)
(39 real changes made)
(12 missing values generated)
(15 missing values generated)
(36 real changes made)
(15 missing values generated)
(17 missing values generated)
(34 real changes made)
(17 missing values generated)
(7 missing values generated)
(44 real changes made)
(7 missing values generated)
(14 missing values generated)
(37 real changes made)
(14 missing values generated)
(14 missing values generated)
(37 real changes made)
(14 missing values generated)
(23 missing values generated)
(28 real changes made)
(23 missing values generated)
(47 missing values generated)
(4 real changes made)
(47 missing values generated)
(37 missing values generated)
(14 real changes made)
(37 missing values generated)
(39 missing values generated)
(12 real changes made)
(39 missing values generated)
file /Users/macbook/Desktop/18-19 Thesis/Data Processing/1997/02 RealConversion/convertedD
> ata/42B Store Manager.dta saved
(18 missing values generated)
(0 real changes made)
(18 missing values generated)
(9 missing values generated)
(0 real changes made)
(9 missing values generated)
(9 missing values generated)
(0 real changes made)
(9 missing values generated)
(14 missing values generated)
(0 real changes made)
(14 missing values generated)
(31 missing values generated)
(0 real changes made)
(31 missing values generated)
(41 missing values generated)
(0 real changes made)
(41 missing values generated)
(54 missing values generated)
(0 real changes made)
(54 missing values generated)
(0 real changes made)
(40 missing values generated)
(0 real changes made)
(40 missing values generated)
(35 missing values generated)
(0 real changes made)
(35 missing values generated)
(35 missing values generated)
(0 real changes made)
(35 missing values generated)
(34 missing values generated)
(0 real changes made)
(34 missing values generated)
(40 missing values generated)
(0 real changes made)
(40 missing values generated)
(45 missing values generated)
(0 real changes made)
(45 missing values generated)
(54 missing values generated)
(0 real changes made)
(54 missing values generated)
(30 missing values generated)
(0 real changes made)
(30 missing values generated)
(18 missing values generated)
(0 real changes made)
(18 missing values generated)
(9 missing values generated)
(0 real changes made)
(9 missing values generated)
(9 missing values generated)
(0 real changes made)
(9 missing values generated)
(14 missing values generated)
(0 real changes made)
(14 missing values generated)
(31 missing values generated)
(0 real changes made)
(31 missing values generated)
(41 missing values generated)
(0 real changes made)
(41 missing values generated)
(54 missing values generated)
(0 real changes made)
(54 missing values generated)
(0 real changes made)
file /Users/macbook/Desktop/18-19 Thesis/Data Processing/1997/02 RealConversion/convertedD
> ata/43A Assistant Store Manager.dta saved
(87 vars, 52 obs)
(8 missing values generated)
(0 real changes made)
(8 missing values generated)
(18 missing values generated)
(0 real changes made)
(18 missing values generated)
(20 missing values generated)
(0 real changes made)
(20 missing values generated)
(7 missing values generated)
(0 real changes made)
(7 missing values generated)
(17 missing values generated)
(0 real changes made)
(17 missing values generated)
(13 missing values generated)
(0 real changes made)
(13 missing values generated)
(12 missing values generated)
(0 real changes made)
(12 missing values generated)
(10 missing values generated)
(0 real changes made)
(10 missing values generated)
(14 missing values generated)
(0 real changes made)
(14 missing values generated)
(18 missing values generated)
(0 real changes made)
(18 missing values generated)
(9 missing values generated)
(0 real changes made)
(9 missing values generated)
(14 missing values generated)
(0 real changes made)
(14 missing values generated)
(15 missing values generated)
(0 real changes made)
(15 missing values generated)
(22 missing values generated)
(0 real changes made)
(22 missing values generated)
(47 missing values generated)
(0 real changes made)
(47 missing values generated)
(38 missing values generated)
(0 real changes made)
(38 missing values generated)
(43 missing values generated)
(0 real changes made)
(43 missing values generated)
(31 missing values generated)
(0 real changes made)
(31 missing values generated)
(35 missing values generated)
(0 real changes made)
(35 missing values generated)
(37 missing values generated)
(0 real changes made)
(37 missing values generated)
(30 missing values generated)
(0 real changes made)
(30 missing values generated)
(32 missing values generated)
(0 real changes made)
(32 missing values generated)
(34 missing values generated)
(0 real changes made)
(34 missing values generated)
(33 missing values generated)
(0 real changes made)
(33 missing values generated)
(32 missing values generated)
(0 real changes made)
(32 missing values generated)
(35 missing values generated)
(0 real changes made)
(35 missing values generated)
(35 missing values generated)
(0 real changes made)
(35 missing values generated)
(31 missing values generated)
(0 real changes made)
(31 missing values generated)
(33 missing values generated)
(0 real changes made)
(33 missing values generated)
(35 missing values generated)
(0 real changes made)
(35 missing values generated)
(36 missing values generated)
(0 real changes made)
(36 missing values generated)
(50 missing values generated)
(0 real changes made)
(50 missing values generated)
(42 missing values generated)
(0 real changes made)
(42 missing values generated)
(48 missing values generated)
(0 real changes made)
(48 missing values generated)
(8 missing values generated)
(0 real changes made)
(8 missing values generated)
(18 missing values generated)
(0 real changes made)
(18 missing values generated)
(20 missing values generated)
(0 real changes made)
(20 missing values generated)
(7 missing values generated)
(0 real changes made)
(7 missing values generated)
(17 missing values generated)
(0 real changes made)
(17 missing values generated)
(13 missing values generated)
(0 real changes made)
(13 missing values generated)
(12 missing values generated)
(0 real changes made)
(12 missing values generated)
(10 missing values generated)
(0 real changes made)
(10 missing values generated)
(14 missing values generated)
(0 real changes made)
(14 missing values generated)
(18 missing values generated)
(0 real changes made)
(18 missing values generated)
(9 missing values generated)
(0 real changes made)
(9 missing values generated)
(14 missing values generated)
(0 real changes made)
(14 missing values generated)
(15 missing values generated)
(0 real changes made)
(15 missing values generated)
(22 missing values generated)
(0 real changes made)
(22 missing values generated)
(47 missing values generated)
(0 real changes made)
(47 missing values generated)
(38 missing values generated)
(0 real changes made)
(38 missing values generated)
(43 missing values generated)
(0 real changes made)
(43 missing values generated)
file /Users/macbook/Desktop/18-19 Thesis/Data Processing/1997/02 RealConversion/convertedD
> ata/43B Assistant Store Manager.dta saved
(12 missing values generated)
(0 real changes made)
(12 missing values generated)
(8 missing values generated)
(0 real changes made)
(8 missing values generated)
(7 missing values generated)
(0 real changes made)
(7 missing values generated)
(13 missing values generated)
(0 real changes made)
(13 missing values generated)
(25 missing values generated)
(0 real changes made)
(25 missing values generated)
(29 missing values generated)
(0 real changes made)
(29 missing values generated)
(0 real changes made)
(16 missing values generated)
(0 real changes made)
(16 missing values generated)
(18 missing values generated)
(0 real changes made)
(18 missing values generated)
(29 missing values generated)
(0 real changes made)
(29 missing values generated)
(27 missing values generated)
(0 real changes made)
(27 missing values generated)
(27 missing values generated)
(0 real changes made)
(27 missing values generated)
(29 missing values generated)
(0 real changes made)
(29 missing values generated)
(34 missing values generated)
(0 real changes made)
(34 missing values generated)
(34 missing values generated)
(0 real changes made)
(34 missing values generated)
(23 missing values generated)
(0 real changes made)
(23 missing values generated)
(27 missing values generated)
(0 real changes made)
(27 missing values generated)
(30 missing values generated)
(0 real changes made)
(30 missing values generated)
(12 missing values generated)
(0 real changes made)
(12 missing values generated)
(8 missing values generated)
(0 real changes made)
(8 missing values generated)
(7 missing values generated)
(0 real changes made)
(7 missing values generated)
(13 missing values generated)
(0 real changes made)
(13 missing values generated)
(25 missing values generated)
(0 real changes made)
(25 missing values generated)
(29 missing values generated)
(0 real changes made)
(29 missing values generated)
(0 real changes made)
(16 missing values generated)
(0 real changes made)
(16 missing values generated)
(18 missing values generated)
(0 real changes made)
(18 missing values generated)
file /Users/macbook/Desktop/18-19 Thesis/Data Processing/1997/02 RealConversion/convertedD
> ata/44A Third Key.dta saved
(86 vars, 31 obs)
(6 missing values generated)
(0 real changes made)
(6 missing values generated)
(11 missing values generated)
(0 real changes made)
(11 missing values generated)
(16 missing values generated)
(0 real changes made)
(16 missing values generated)
(5 missing values generated)
(0 real changes made)
(5 missing values generated)
(13 missing values generated)
(0 real changes made)
(13 missing values generated)
(9 missing values generated)
(0 real changes made)
(9 missing values generated)
(10 missing values generated)
(0 real changes made)
(10 missing values generated)
(8 missing values generated)
(0 real changes made)
(8 missing values generated)
(11 missing values generated)
(0 real changes made)
(11 missing values generated)
(13 missing values generated)
(0 real changes made)
(13 missing values generated)
(3 missing values generated)
(0 real changes made)
(3 missing values generated)
(6 missing values generated)
(0 real changes made)
(6 missing values generated)
(10 missing values generated)
(0 real changes made)
(10 missing values generated)
(16 missing values generated)
(0 real changes made)
(16 missing values generated)
(29 missing values generated)
(0 real changes made)
(29 missing values generated)
(23 missing values generated)
(0 real changes made)
(23 missing values generated)
(26 missing values generated)
(0 real changes made)
(26 missing values generated)
(20 missing values generated)
(0 real changes made)
(20 missing values generated)
(22 missing values generated)
(0 real changes made)
(22 missing values generated)
(24 missing values generated)
(0 real changes made)
(24 missing values generated)
(21 missing values generated)
(0 real changes made)
(21 missing values generated)
(25 missing values generated)
(0 real changes made)
(25 missing values generated)
(22 missing values generated)
(0 real changes made)
(22 missing values generated)
(23 missing values generated)
(0 real changes made)
(23 missing values generated)
(21 missing values generated)
(0 real changes made)
(21 missing values generated)
(21 missing values generated)
(0 real changes made)
(21 missing values generated)
(26 missing values generated)
(0 real changes made)
(26 missing values generated)
(19 missing values generated)
(0 real changes made)
(19 missing values generated)
(20 missing values generated)
(0 real changes made)
(20 missing values generated)
(22 missing values generated)
(0 real changes made)
(22 missing values generated)
(25 missing values generated)
(0 real changes made)
(25 missing values generated)
(29 missing values generated)
(0 real changes made)
(29 missing values generated)
(30 missing values generated)
(0 real changes made)
(30 missing values generated)
(6 missing values generated)
(0 real changes made)
(6 missing values generated)
(11 missing values generated)
(0 real changes made)
(11 missing values generated)
(16 missing values generated)
(0 real changes made)
(16 missing values generated)
(5 missing values generated)
(0 real changes made)
(5 missing values generated)
(13 missing values generated)
(0 real changes made)
(13 missing values generated)
(9 missing values generated)
(0 real changes made)
(9 missing values generated)
(10 missing values generated)
(0 real changes made)
(10 missing values generated)
(8 missing values generated)
(0 real changes made)
(8 missing values generated)
(11 missing values generated)
(0 real changes made)
(11 missing values generated)
(13 missing values generated)
(0 real changes made)
(13 missing values generated)
(3 missing values generated)
(0 real changes made)
(3 missing values generated)
(6 missing values generated)
(0 real changes made)
(6 missing values generated)
(10 missing values generated)
(0 real changes made)
(10 missing values generated)
(16 missing values generated)
(0 real changes made)
(16 missing values generated)
(29 missing values generated)
(0 real changes made)
(29 missing values generated)
(23 missing values generated)
(0 real changes made)
(23 missing values generated)
(26 missing values generated)
(0 real changes made)
(26 missing values generated)
file /Users/macbook/Desktop/18-19 Thesis/Data Processing/1997/02 RealConversion/convertedD
> ata/44B Third Key.dta saved
(93 vars, 49 obs)
(0 real changes made)
(23 missing values generated)
(0 real changes made)
(23 missing values generated)
(26 missing values generated)
(0 real changes made)
(26 missing values generated)
(30 missing values generated)
(0 real changes made)
(30 missing values generated)
(24 missing values generated)
(0 real changes made)
(24 missing values generated)
(27 missing values generated)
(0 real changes made)
(27 missing values generated)
(28 missing values generated)
(0 real changes made)
(28 missing values generated)
(31 missing values generated)
(0 real changes made)
(31 missing values generated)
(24 missing values generated)
(0 real changes made)
(24 missing values generated)
(25 missing values generated)
(0 real changes made)
(25 missing values generated)
(33 missing values generated)
(0 real changes made)
(33 missing values generated)
(24 missing values generated)
(0 real changes made)
(24 missing values generated)
(26 missing values generated)
(0 real changes made)
(26 missing values generated)
(29 missing values generated)
(0 real changes made)
(29 missing values generated)
(33 missing values generated)
(0 real changes made)
(33 missing values generated)
(44 missing values generated)
(0 real changes made)
(44 missing values generated)
(40 missing values generated)
(0 real changes made)
(40 missing values generated)
(46 missing values generated)
(0 real changes made)
(46 missing values generated)
(38 missing values generated)
(0 real changes made)
(38 missing values generated)
(44 missing values generated)
(0 real changes made)
(44 missing values generated)
(42 missing values generated)
(0 real changes made)
(42 missing values generated)
(41 missing values generated)
(0 real changes made)
(41 missing values generated)
(42 missing values generated)
(0 real changes made)
(42 missing values generated)
(42 missing values generated)
(0 real changes made)
(42 missing values generated)
(43 missing values generated)
(0 real changes made)
(43 missing values generated)
(45 missing values generated)
(0 real changes made)
(45 missing values generated)
(42 missing values generated)
(0 real changes made)
(42 missing values generated)
(43 missing values generated)
(0 real changes made)
(43 missing values generated)
(46 missing values generated)
(0 real changes made)
(46 missing values generated)
(43 missing values generated)
(0 real changes made)
(43 missing values generated)
(42 missing values generated)
(0 real changes made)
(42 missing values generated)
(44 missing values generated)
(0 real changes made)
(44 missing values generated)
(44 missing values generated)
(0 real changes made)
(44 missing values generated)
(48 missing values generated)
(0 real changes made)
(48 missing values generated)
(47 missing values generated)
(0 real changes made)
(47 missing values generated)
(47 missing values generated)
(0 real changes made)
(47 missing values generated)
(0 real changes made)
(23 missing values generated)
(0 real changes made)
(23 missing values generated)
(26 missing values generated)
(0 real changes made)
(26 missing values generated)
(30 missing values generated)
(0 real changes made)
(30 missing values generated)
(24 missing values generated)
(0 real changes made)
(24 missing values generated)
(27 missing values generated)
(0 real changes made)
(27 missing values generated)
(28 missing values generated)
(0 real changes made)
(28 missing values generated)
(31 missing values generated)
(0 real changes made)
(31 missing values generated)
(24 missing values generated)
(0 real changes made)
(24 missing values generated)
(25 missing values generated)
(0 real changes made)
(25 missing values generated)
(33 missing values generated)
(0 real changes made)
(33 missing values generated)
(24 missing values generated)
(0 real changes made)
(24 missing values generated)
(26 missing values generated)
(0 real changes made)
(26 missing values generated)
(29 missing values generated)
(0 real changes made)
(29 missing values generated)
(33 missing values generated)
(0 real changes made)
(33 missing values generated)
(44 missing values generated)
(0 real changes made)
(44 missing values generated)
(40 missing values generated)
(0 real changes made)
(40 missing values generated)
(46 missing values generated)
(0 real changes made)
(46 missing values generated)
file /Users/macbook/Desktop/18-19 Thesis/Data Processing/1997/02 RealConversion/convertedD
> ata/45 Full Time.dta saved
(78 vars, 55 obs)
(2 missing values generated)
(0 real changes made)
(2 missing values generated)
(17 missing values generated)
(0 real changes made)
(17 missing values generated)
(25 missing values generated)
(0 real changes made)
(25 missing values generated)
(26 missing values generated)
(0 real changes made)
(26 missing values generated)
(16 missing values generated)
(0 real changes made)
(16 missing values generated)
(23 missing values generated)
(0 real changes made)
(23 missing values generated)
(19 missing values generated)
(0 real changes made)
(19 missing values generated)
(22 missing values generated)
(0 real changes made)
(22 missing values generated)
(17 missing values generated)
(0 real changes made)
(17 missing values generated)
(22 missing values generated)
(0 real changes made)
(22 missing values generated)
(22 missing values generated)
(0 real changes made)
(22 missing values generated)
(16 missing values generated)
(0 real changes made)
(16 missing values generated)
(21 missing values generated)
(0 real changes made)
(21 missing values generated)
(22 missing values generated)
(0 real changes made)
(22 missing values generated)
(28 missing values generated)
(0 real changes made)
(28 missing values generated)
(51 missing values generated)
(0 real changes made)
(51 missing values generated)
(42 missing values generated)
(0 real changes made)
(42 missing values generated)
(45 missing values generated)
(0 real changes made)
(45 missing values generated)
(41 missing values generated)
(0 real changes made)
(41 missing values generated)
(46 missing values generated)
(0 real changes made)
(46 missing values generated)
(47 missing values generated)
(0 real changes made)
(47 missing values generated)
(46 missing values generated)
(0 real changes made)
(46 missing values generated)
(45 missing values generated)
(0 real changes made)
(45 missing values generated)
(46 missing values generated)
(0 real changes made)
(46 missing values generated)
(46 missing values generated)
(0 real changes made)
(46 missing values generated)
(48 missing values generated)
(0 real changes made)
(48 missing values generated)
(46 missing values generated)
(0 real changes made)
(46 missing values generated)
(49 missing values generated)
(0 real changes made)
(49 missing values generated)
(45 missing values generated)
(0 real changes made)
(45 missing values generated)
(46 missing values generated)
(0 real changes made)
(46 missing values generated)
(47 missing values generated)
(0 real changes made)
(47 missing values generated)
(48 missing values generated)
(0 real changes made)
(48 missing values generated)
(49 missing values generated)
(0 real changes made)
(49 missing values generated)
(52 missing values generated)
(0 real changes made)
(52 missing values generated)
(52 missing values generated)
(0 real changes made)
(52 missing values generated)
(2 missing values generated)
(0 real changes made)
(2 missing values generated)
(17 missing values generated)
(0 real changes made)
(17 missing values generated)
(25 missing values generated)
(0 real changes made)
(25 missing values generated)
(26 missing values generated)
(0 real changes made)
(26 missing values generated)
(16 missing values generated)
(0 real changes made)
(16 missing values generated)
(23 missing values generated)
(0 real changes made)
(23 missing values generated)
(19 missing values generated)
(0 real changes made)
(19 missing values generated)
(22 missing values generated)
(0 real changes made)
(22 missing values generated)
(17 missing values generated)
(0 real changes made)
(17 missing values generated)
(22 missing values generated)
(0 real changes made)
(22 missing values generated)
(22 missing values generated)
(0 real changes made)
(22 missing values generated)
(16 missing values generated)
(0 real changes made)
(16 missing values generated)
(21 missing values generated)
(0 real changes made)
(21 missing values generated)
(22 missing values generated)
(0 real changes made)
(22 missing values generated)
(28 missing values generated)
(0 real changes made)
(28 missing values generated)
(51 missing values generated)
(0 real changes made)
(51 missing values generated)
(42 missing values generated)
(0 real changes made)
(42 missing values generated)
(45 missing values generated)
(0 real changes made)
(45 missing values generated)
file /Users/macbook/Desktop/18-19 Thesis/Data Processing/1997/02 RealConversion/convertedD
> ata/46 Part Time.dta saved

. 
. 
. exit

end of do-file


. use "/Users/macbook/Desktop/18-19 Thesis/fromBefore/theData/1998/001 company data.dta"

. do "/var/folders/sy/4d9t8khs1jn_xflrv2wvq20c0000gn/T//SD00792.000000"

. cd "/Users/macbook/Desktop/18-19 Thesis/Data Processing/1998/03 1998_StoreOpsCombined"
/Users/macbook/Desktop/18-19 Thesis/Data Processing/1998/03 1998_StoreOpsCombined

. 
. capture log close
